<?xml version="1.0" encoding="UTF-8"?>
<testsuite xmlns:xsi="http://www.w3.org/2001/XMLSchema-instance" xsi:noNamespaceSchemaLocation="https://maven.apache.org/surefire/maven-surefire-plugin/xsd/surefire-test-report-3.0.xsd" version="3.0" name="TestSuite" time="1789.649" tests="43" errors="0" skipped="0" failures="0">
  <properties>
[...]
</properties>
  <testcase name="stub" classname="com.zensar.runner.InitializeExecution" time="0.001">
    <system-out><![CDATA[=============================Execution Start====================================
]]></system-out>
  </testcase>
  <testcase name="stub" classname="com.zensar.runner.InitializeExecution" time="0.0">
    <system-out><![CDATA[=============================Execution Start====================================	 >>>>>> (InitializeExecution.java:32)	13:17:48
]]></system-out>
  </testcase>
  <testcase name="stub" classname="com.zensar.runner.ConcludeExecution" time="0.0"/>
  <testcase name="stub" classname="com.zensar.runner.ConcludeExecution" time="0.0">
    <system-out><![CDATA[Feature: ProjectContact

  Scenario Outline: Verify user able add Client to Project contact list #<DataSetName> # src/main/java/com/zensar/features/ProjectContact.feature:6
    When user logs in to ISG
    Then Verify for Active Transaction
    Then User clicks on first Active Transaction
    And Click on go to Project contact list
    Then Add the new client contact
    Then Add Client First Name
    And Add Client Last Name
    Then Select Pronouns
    Then Select job Tittle
    Then Select Project Role
    Then Select Project Responsibilties
    Then Add Email Address for the Member
    And Add mobile and Click on save Contact

    Examples: 

  Background:                                          # src/main/java/com/zensar/features/ProjectContact.feature:3
    Given User navigates to ISG Landing Page and Login # SetupProjectStepDefinitions.user_navigates_to_Isg_Landing_Page()

  Scenario Outline: Verify user able add Client to Project contact list #AddContact # src/main/java/com/zensar/features/ProjectContact.feature:23
    When user logs in to ISG                                                        # SetupProjectStepDefinitions.user_clicks_on_submit_another_item()
[INFO]	[Assertion Pass]	Number of Active Transaction =  Active transactions (2)
    Then Verify for Active Transaction                                              # ActiveTransactionProjectContactStepDefinitions.verify_for_Active_Notifications()
    Then User clicks on first Active Transaction                                    # ActiveTransactionProjectContactStepDefinitions.User_clicks_first_Active_Transaction()
    And Click on go to Project contact list                                         # ActiveTransactionProjectContactStepDefinitions.navigate_Project_Overview_section_add_project_overview()
    Then Add the new client contact                                                 # ActiveTransactionProjectContactStepDefinitions.clicks_on_Next_Add_Client_Lead()
[INFO]	[Assertion Pass]	User entered first Name
    Then Add Client First Name                                                      # ActiveTransactionProjectContactStepDefinitions.select_Anticipated_award_Date()
[INFO]	[Assertion Pass]	User entered last Name
    And Add Client Last Name                                                        # ActiveTransactionProjectContactStepDefinitions.select_Competitive_Project()
    Then Select Pronouns                                                            # ActiveTransactionProjectContactStepDefinitions.select_Primary_objevtives_of_sourcing()
    Then Select job Tittle                                                          # ActiveTransactionProjectContactStepDefinitions.enter_Client_First_Name_Last_Name()
    Then Select Project Role                                                        # ActiveTransactionProjectContactStepDefinitions.add_Client_Lead_Email_Address_click_on_next()
    Then Select Project Responsibilties                                             # ActiveTransactionProjectContactStepDefinitions.user_Select_Project_Responsibilties()
[INFO]	[Assertion Pass]	User entered Email Address
    Then Add Email Address for the Member                                           # ActiveTransactionProjectContactStepDefinitions.user_Add_Email_Address_for_the_Member()
[INFO]	[Assertion Pass]	User entered Mobile Number
    And Add mobile and Click on save Contact                                        # ActiveTransactionProjectContactStepDefinitions.user_Add_mobile_and_Click_on_save_Contact()

  Scenario Outline: Verify user able add Client to Project contact list after adding only Required field #<DataSetName> # src/main/java/com/zensar/features/ProjectContact.feature:25
    When user logs in to ISG
    Then Verify for Active Transaction
    Then User clicks on first Active Transaction
    And Click on go to Project contact list
    Then Add the new client contact
    Then Add Client First Name
    And Add Client Last Name
    Then Select Project Role
    Then Add Email Address for the Member and Click on save Contact

    Examples: 

  Background:                                          # src/main/java/com/zensar/features/ProjectContact.feature:3
    Given User navigates to ISG Landing Page and Login # SetupProjectStepDefinitions.user_navigates_to_Isg_Landing_Page()

  Scenario Outline: Verify user able add Client to Project contact list after adding only Required field #AddContact # src/main/java/com/zensar/features/ProjectContact.feature:38
    When user logs in to ISG                                                                                         # SetupProjectStepDefinitions.user_clicks_on_submit_another_item()
[INFO]	[Assertion Pass]	Number of Active Transaction =  Active transactions (2)
    Then Verify for Active Transaction                                                                               # ActiveTransactionProjectContactStepDefinitions.verify_for_Active_Notifications()
    Then User clicks on first Active Transaction                                                                     # ActiveTransactionProjectContactStepDefinitions.User_clicks_first_Active_Transaction()
    And Click on go to Project contact list                                                                          # ActiveTransactionProjectContactStepDefinitions.navigate_Project_Overview_section_add_project_overview()
    Then Add the new client contact                                                                                  # ActiveTransactionProjectContactStepDefinitions.clicks_on_Next_Add_Client_Lead()
[INFO]	[Assertion Pass]	User entered first Name
    Then Add Client First Name                                                                                       # ActiveTransactionProjectContactStepDefinitions.select_Anticipated_award_Date()
[INFO]	[Assertion Pass]	User entered last Name
    And Add Client Last Name                                                                                         # ActiveTransactionProjectContactStepDefinitions.select_Competitive_Project()
    Then Select Project Role                                                                                         # ActiveTransactionProjectContactStepDefinitions.add_Client_Lead_Email_Address_click_on_next()
[INFO]	[Assertion Pass]	User entered Email Address
    Then Add Email Address for the Member and Click on save Contact                                                  # ActiveTransactionProjectContactStepDefinitions.add_Email_Address_for_the_Member_and_Click_on_save_Contact()

  Scenario Outline: Verify user able add Lead Attorney to Project contact list #<DataSetName> # src/main/java/com/zensar/features/ProjectContact.feature:40
    When user logs in to ISG
    Then Verify for Active Transaction
    Then User clicks on first Active Transaction
    And Click on go to Project contact list
    Then Add the new Lead Attorney
    Then Add Lead Attorney First Name
    And Add Lead Attorney Last Name
    Then Select Lead Attorney Pronouns
    Then Select Lead Attorney Legal firm
    Then Select Job tittle of lead Attorney
    Then Add Email Address for the Lead Attorney
    And Add mobile for Lead Attorney and Click on save Contact

    Examples: 

  Background:                                          # src/main/java/com/zensar/features/ProjectContact.feature:3
    Given User navigates to ISG Landing Page and Login # SetupProjectStepDefinitions.user_navigates_to_Isg_Landing_Page()

  Scenario Outline: Verify user able add Lead Attorney to Project contact list #AddContact # src/main/java/com/zensar/features/ProjectContact.feature:56
    When user logs in to ISG                                                               # SetupProjectStepDefinitions.user_clicks_on_submit_another_item()
[INFO]	[Assertion Pass]	Number of Active Transaction =  Active transactions (2)
    Then Verify for Active Transaction                                                     # ActiveTransactionProjectContactStepDefinitions.verify_for_Active_Notifications()
    Then User clicks on first Active Transaction                                           # ActiveTransactionProjectContactStepDefinitions.User_clicks_first_Active_Transaction()
    And Click on go to Project contact list                                                # ActiveTransactionProjectContactStepDefinitions.navigate_Project_Overview_section_add_project_overview()
    Then Add the new Lead Attorney                                                         # ActiveTransactionProjectContactStepDefinitions.add_the_new_Lead_Attorney()
[INFO]	[Assertion Pass]	User entered Attorney first Name
    Then Add Lead Attorney First Name                                                      # ActiveTransactionProjectContactStepDefinitions.add_Lead_Attorney_First_Name()
[INFO]	[Assertion Pass]	User entered Attorney Last Name
    And Add Lead Attorney Last Name                                                        # ActiveTransactionProjectContactStepDefinitions.Add_Lead_Attorney_Last_Name()
    Then Select Lead Attorney Pronouns                                                     # ActiveTransactionProjectContactStepDefinitions.select_Lead_Attorney_Pronouns()
[INFO]	[Assertion Pass]	User entered Attorney Last Name
    Then Select Lead Attorney Legal firm                                                   # ActiveTransactionProjectContactStepDefinitions.select_Lead_Attorney_Legal_firm()
    Then Select Job tittle of lead Attorney                                                # ActiveTransactionProjectContactStepDefinitions.select_Job_tittle_of_lead_Attorney()
[INFO]	[Assertion Pass]	User entered Attorney Email Address
    Then Add Email Address for the Lead Attorney                                           # ActiveTransactionProjectContactStepDefinitions.add_Email_Address_for_the_Lead_Attorney()
[INFO]	[Assertion Pass]	User entered Attorney Mobile Number
    And Add mobile for Lead Attorney and Click on save Contact                             # ActiveTransactionProjectContactStepDefinitions.add_mobile_for_Lead_Attorney_and_Click_on_save_Contact()

  Scenario Outline: Verify user able add Lead Attorney to Project contact list After adding only required field #<DataSetName> # src/main/java/com/zensar/features/ProjectContact.feature:58
    When user logs in to ISG
    Then Verify for Active Transaction
    Then User clicks on first Active Transaction
    And Click on go to Project contact list
    Then Add the new Lead Attorney
    Then Add Lead Attorney First Name
    And Add Lead Attorney Last Name
    Then Select Lead Attorney Legal firm
    Then Add Email Address for the Lead Attorney and click on save contact

    Examples: 

  Background:                                          # src/main/java/com/zensar/features/ProjectContact.feature:3
    Given User navigates to ISG Landing Page and Login # SetupProjectStepDefinitions.user_navigates_to_Isg_Landing_Page()

  Scenario Outline: Verify user able add Lead Attorney to Project contact list After adding only required field #AddContact # src/main/java/com/zensar/features/ProjectContact.feature:71
    When user logs in to ISG                                                                                                # SetupProjectStepDefinitions.user_clicks_on_submit_another_item()
[INFO]	[Assertion Pass]	Number of Active Transaction =  Active transactions (2)
    Then Verify for Active Transaction                                                                                      # ActiveTransactionProjectContactStepDefinitions.verify_for_Active_Notifications()
    Then User clicks on first Active Transaction                                                                            # ActiveTransactionProjectContactStepDefinitions.User_clicks_first_Active_Transaction()
    And Click on go to Project contact list                                                                                 # ActiveTransactionProjectContactStepDefinitions.navigate_Project_Overview_section_add_project_overview()
    Then Add the new Lead Attorney                                                                                          # ActiveTransactionProjectContactStepDefinitions.add_the_new_Lead_Attorney()
[INFO]	[Assertion Pass]	User entered Attorney first Name
    Then Add Lead Attorney First Name                                                                                       # ActiveTransactionProjectContactStepDefinitions.add_Lead_Attorney_First_Name()
[INFO]	[Assertion Pass]	User entered Attorney Last Name
    And Add Lead Attorney Last Name                                                                                         # ActiveTransactionProjectContactStepDefinitions.Add_Lead_Attorney_Last_Name()
[INFO]	[Assertion Pass]	User entered Attorney Last Name
    Then Select Lead Attorney Legal firm                                                                                    # ActiveTransactionProjectContactStepDefinitions.select_Lead_Attorney_Legal_firm()
[INFO]	[Assertion Pass]	User entered Attorney Email Address
    Then Add Email Address for the Lead Attorney and click on save contact                                                  # ActiveTransactionProjectContactStepDefinitions.Add_Email_Address_for_the_Lead_Attorney_and_click_on_save_contact()

  Scenario Outline: Verify user able add Client Lead to Project contact list  #<DataSetName> # src/main/java/com/zensar/features/ProjectContact.feature:73
    When user logs in to ISG
    Then Verify for Active Transaction
    Then User clicks on first Active Transaction
    And Click on go to Project contact list
    Then Add the new client contact
    Then Add Client First Name
    And Add Client Last Name
    Then Select Project Role as Client lead
    Then Add Email Address for the Client Lead and Click on save Contact
    Then Confirm for the new client lead

    Examples: 

  Background:                                          # src/main/java/com/zensar/features/ProjectContact.feature:3
    Given User navigates to ISG Landing Page and Login # SetupProjectStepDefinitions.user_navigates_to_Isg_Landing_Page()

  Scenario Outline: Verify user able add Client Lead to Project contact list  #AddContact # src/main/java/com/zensar/features/ProjectContact.feature:87
    When user logs in to ISG                                                              # SetupProjectStepDefinitions.user_clicks_on_submit_another_item()
[INFO]	[Assertion Pass]	Number of Active Transaction =  Active transactions (2)
    Then Verify for Active Transaction                                                    # ActiveTransactionProjectContactStepDefinitions.verify_for_Active_Notifications()
    Then User clicks on first Active Transaction                                          # ActiveTransactionProjectContactStepDefinitions.User_clicks_first_Active_Transaction()
    And Click on go to Project contact list                                               # ActiveTransactionProjectContactStepDefinitions.navigate_Project_Overview_section_add_project_overview()
    Then Add the new client contact                                                       # ActiveTransactionProjectContactStepDefinitions.clicks_on_Next_Add_Client_Lead()
[INFO]	[Assertion Pass]	User entered first Name
    Then Add Client First Name                                                            # ActiveTransactionProjectContactStepDefinitions.select_Anticipated_award_Date()
[INFO]	[Assertion Pass]	User entered last Name
    And Add Client Last Name                                                              # ActiveTransactionProjectContactStepDefinitions.select_Competitive_Project()
[INFO]	[Assertion Pass]	User role as client lead is selected
    Then Select Project Role as Client lead                                               # ActiveTransactionProjectContactStepDefinitions.select_Project_Role_Client_lead()
[INFO]	[Assertion Pass]	User entered Email Address
    Then Add Email Address for the Client Lead and Click on save Contact                  # ActiveTransactionProjectContactStepDefinitions.add_Email_Address_for_Member_save_Contact()
    Then Confirm for the new client lead                                                  # ActiveTransactionProjectContactStepDefinitions.confirm_new_client_lead()

  Scenario Outline: Verify user able view removed contact in contact list  #<DataSetName> # src/main/java/com/zensar/features/ProjectContact.feature:89
    When user logs in to ISG
    Then Verify for Active Transaction
    Then User clicks on first Active Transaction
    And Click on go to Project contact list
    Then Click on show removed contact
    And check view option in removed contact

    Examples: 

  Background:                                          # src/main/java/com/zensar/features/ProjectContact.feature:3
    Given User navigates to ISG Landing Page and Login # SetupProjectStepDefinitions.user_navigates_to_Isg_Landing_Page()

  Scenario Outline: Verify user able view removed contact in contact list  #AddContact # src/main/java/com/zensar/features/ProjectContact.feature:99
    When user logs in to ISG                                                           # SetupProjectStepDefinitions.user_clicks_on_submit_another_item()
[INFO]	[Assertion Pass]	Number of Active Transaction =  Active transactions (2)
    Then Verify for Active Transaction                                                 # ActiveTransactionProjectContactStepDefinitions.verify_for_Active_Notifications()
    Then User clicks on first Active Transaction                                       # ActiveTransactionProjectContactStepDefinitions.User_clicks_first_Active_Transaction()
    And Click on go to Project contact list                                            # ActiveTransactionProjectContactStepDefinitions.navigate_Project_Overview_section_add_project_overview()
    Then Click on show removed contact                                                 # ActiveTransactionProjectContactStepDefinitions.click_show_removed_contact()
    And check view option in removed contact                                           # ActiveTransactionProjectContactStepDefinitions.check_view_option_in_removed_contact()

  Scenario Outline: Verify user able view ISG Contact & add Project responsibilities  #<DataSetName> # src/main/java/com/zensar/features/ProjectContact.feature:101
    When user logs in to ISG
    Then Verify for Active Transaction
    Then User clicks on first Active Transaction
    And Click on go to Project contact list
    Then Click on isg contact
    And Verify for Project Responsibilities & data room owner role

    Examples: 

  Background:                                          # src/main/java/com/zensar/features/ProjectContact.feature:3
    Given User navigates to ISG Landing Page and Login # SetupProjectStepDefinitions.user_navigates_to_Isg_Landing_Page()

  Scenario Outline: Verify user able view ISG Contact & add Project responsibilities  #AddContact # src/main/java/com/zensar/features/ProjectContact.feature:111
    When user logs in to ISG                                                                      # SetupProjectStepDefinitions.user_clicks_on_submit_another_item()
[INFO]	[Assertion Pass]	Number of Active Transaction =  Active transactions (2)
    Then Verify for Active Transaction                                                            # ActiveTransactionProjectContactStepDefinitions.verify_for_Active_Notifications()
    Then User clicks on first Active Transaction                                                  # ActiveTransactionProjectContactStepDefinitions.User_clicks_first_Active_Transaction()
    And Click on go to Project contact list                                                       # ActiveTransactionProjectContactStepDefinitions.navigate_Project_Overview_section_add_project_overview()
    Then Click on isg contact                                                                     # ActiveTransactionProjectContactStepDefinitions.click_isg_contact()
[INFO]	[Assertion Pass]	User responsibilities for ISG contact is selected
[INFO]	[Assertion Pass]	ISG role as data room owner can be assigned
    And Verify for Project Responsibilities & data room owner role                                # ActiveTransactionProjectContactStepDefinitions.verify_Project_Responsibilities_data_room_owner_role()

  Scenario Outline: Verify user not able to remove ISG Contact  #<DataSetName> # src/main/java/com/zensar/features/ProjectContact.feature:113
    When user logs in to ISG
    Then Verify for Active Transaction
    Then User clicks on first Active Transaction
    And Click on go to Project contact list
    Then Click on isg contact
    And Verify there is no remove contact button

    Examples: 

  Background:                                          # src/main/java/com/zensar/features/ProjectContact.feature:3
    Given User navigates to ISG Landing Page and Login # SetupProjectStepDefinitions.user_navigates_to_Isg_Landing_Page()

  Scenario Outline: Verify user not able to remove ISG Contact  #AddContact # src/main/java/com/zensar/features/ProjectContact.feature:122
    When user logs in to ISG                                                # SetupProjectStepDefinitions.user_clicks_on_submit_another_item()
[INFO]	[Assertion Pass]	Number of Active Transaction =  Active transactions (2)
    Then Verify for Active Transaction                                      # ActiveTransactionProjectContactStepDefinitions.verify_for_Active_Notifications()
    Then User clicks on first Active Transaction                            # ActiveTransactionProjectContactStepDefinitions.User_clicks_first_Active_Transaction()
    And Click on go to Project contact list                                 # ActiveTransactionProjectContactStepDefinitions.navigate_Project_Overview_section_add_project_overview()
    Then Click on isg contact                                               # ActiveTransactionProjectContactStepDefinitions.click_isg_contact()
    And Verify there is no remove contact button                            # ActiveTransactionProjectContactStepDefinitions.verify_remove_contact_button()
      org.openqa.selenium.NoSuchElementException: no such element: Unable to locate element: {"method":"xpath","selector":"//button[@class='btn secondary-btn-large ng-star-inserted']"}
  (Session info: chrome=122.0.6261.112)
For documentation on this error, please visit: https://www.seleniumhq.org/exceptions/no_such_element.html
Build info: version: '3.141.59', revision: 'e82be7d358', time: '2018-11-14T08:17:03'
System info: host: 'EUROW42SLPC5721', ip: '192.168.29.116', os.name: 'Windows 10', os.arch: 'amd64', os.version: '10.0', java.version: '1.8.0_221'
Driver info: org.openqa.selenium.chrome.ChromeDriver
Capabilities {acceptInsecureCerts: false, browserName: chrome, browserVersion: 122.0.6261.112, chrome: {chromedriverVersion: 122.0.6261.111 (9d4c1072da6..., userDataDir: C:\Users\vs106039\AppData\L...}, fedcm:accounts: true, goog:chromeOptions: {debuggerAddress: localhost:56285}, javascriptEnabled: true, networkConnectionEnabled: false, pageLoadStrategy: normal, platform: WINDOWS, platformName: WINDOWS, proxy: Proxy(), setWindowRect: true, strictFileInteractability: false, timeouts: {implicit: 0, pageLoad: 300000, script: 30000}, unhandledPromptBehavior: dismiss and notify, webauthn:extension:credBlob: true, webauthn:extension:largeBlob: true, webauthn:extension:minPinLength: true, webauthn:extension:prf: true, webauthn:virtualAuthenticators: true}
Session ID: cdaa79e0da912d93e202e077c6d4cd1f
*** Element info: {Using=xpath, value=//button[@class='btn secondary-btn-large ng-star-inserted']}
	at sun.reflect.GeneratedConstructorAccessor91.newInstance(Unknown Source)
	at sun.reflect.DelegatingConstructorAccessorImpl.newInstance(DelegatingConstructorAccessorImpl.java:45)
	at java.lang.reflect.Constructor.newInstance(Constructor.java:423)
	at org.openqa.selenium.remote.http.W3CHttpResponseCodec.createException(W3CHttpResponseCodec.java:187)
	at org.openqa.selenium.remote.http.W3CHttpResponseCodec.decode(W3CHttpResponseCodec.java:122)
	at org.openqa.selenium.remote.http.W3CHttpResponseCodec.decode(W3CHttpResponseCodec.java:49)
	at org.openqa.selenium.remote.HttpCommandExecutor.execute(HttpCommandExecutor.java:158)
	at org.openqa.selenium.remote.service.DriverCommandExecutor.execute(DriverCommandExecutor.java:83)
	at org.openqa.selenium.remote.RemoteWebDriver.execute(RemoteWebDriver.java:552)
	at org.openqa.selenium.remote.RemoteWebDriver.findElement(RemoteWebDriver.java:323)
	at org.openqa.selenium.remote.RemoteWebDriver.findElementByXPath(RemoteWebDriver.java:428)
	at org.openqa.selenium.By$ByXPath.findElement(By.java:353)
	at org.openqa.selenium.remote.RemoteWebDriver.findElement(RemoteWebDriver.java:315)
	at sun.reflect.GeneratedMethodAccessor8.invoke(Unknown Source)
	at sun.reflect.DelegatingMethodAccessorImpl.invoke(DelegatingMethodAccessorImpl.java:43)
	at java.lang.reflect.Method.invoke(Method.java:498)
	at org.openqa.selenium.support.events.EventFiringWebDriver.lambda$new$1(EventFiringWebDriver.java:105)
	at com.sun.proxy.$Proxy25.findElement(Unknown Source)
	at org.openqa.selenium.support.events.EventFiringWebDriver.findElement(EventFiringWebDriver.java:194)
	at org.openqa.selenium.support.pagefactory.DefaultElementLocator.findElement(DefaultElementLocator.java:69)
	at org.openqa.selenium.support.pagefactory.internal.LocatingElementHandler.invoke(LocatingElementHandler.java:38)
	at com.sun.proxy.$Proxy28.isDisplayed(Unknown Source)
	at com.zensar.scriptutils.GlobalFunction.waitForElement(GlobalFunction.java:1677)
	at com.zensar.pageobjects.ProjectContact.RemoveContactButton(ProjectContact.java:355)
	at com.zensar.stepDefinations.ActiveTransactionProjectContactStepDefinitions.verify_remove_contact_button(ActiveTransactionProjectContactStepDefinitions.java:158)
	at ?.Verify there is no remove contact button(src/main/java/com/zensar/features/ProjectContact.feature:119)


  Scenario Outline: Verify user not able to see Edit contact & remove contact button for non ISG Contact  #<DataSetName> # src/main/java/com/zensar/features/ProjectContact.feature:124
    When user logs in to ISG
    Then Verify for Active Transaction
    Then User clicks on first Active Transaction
    And Click on go to Project contact list
    Then Click on isg contact
    And Verify there is no remove contact button & Edit contact

    Examples: 

  Background:                                          # src/main/java/com/zensar/features/ProjectContact.feature:3
    Given User navigates to ISG Landing Page and Login # SetupProjectStepDefinitions.user_navigates_to_Isg_Landing_Page()

  Scenario Outline: Verify user not able to see Edit contact & remove contact button for non ISG Contact  #AddContact # src/main/java/com/zensar/features/ProjectContact.feature:133
    When user logs in to ISG                                                                                          # SetupProjectStepDefinitions.user_clicks_on_submit_another_item()
[INFO]	[Assertion Pass]	Number of Active Transaction =  Active transactions (2)
    Then Verify for Active Transaction                                                                                # ActiveTransactionProjectContactStepDefinitions.verify_for_Active_Notifications()
    Then User clicks on first Active Transaction                                                                      # ActiveTransactionProjectContactStepDefinitions.User_clicks_first_Active_Transaction()
    And Click on go to Project contact list                                                                           # ActiveTransactionProjectContactStepDefinitions.navigate_Project_Overview_section_add_project_overview()
    Then Click on isg contact                                                                                         # ActiveTransactionProjectContactStepDefinitions.click_isg_contact()
    And Verify there is no remove contact button & Edit contact                                                       # null

  Scenario Outline: Verify user can not add duplicate contact #<DataSetName> # src/main/java/com/zensar/features/ProjectContact.feature:135
    When user logs in to ISG
    Then Verify for Active Transaction
    Then User clicks on first Active Transaction
    And Click on go to Project contact list
    Then Add the new client contact
    Then Add Client First Name
    And Add Client Last Name
    Then Select Project Role
    Then Add Email Address for the Member and Click on save Contact for Duplicate

    Examples: 

  Background:                                          # src/main/java/com/zensar/features/ProjectContact.feature:3
    Given User navigates to ISG Landing Page and Login # SetupProjectStepDefinitions.user_navigates_to_Isg_Landing_Page()

  Scenario Outline: Verify user can not add duplicate contact #AddContact         # src/main/java/com/zensar/features/ProjectContact.feature:148
    When user logs in to ISG                                                      # SetupProjectStepDefinitions.user_clicks_on_submit_another_item()
[INFO]	[Assertion Pass]	Number of Active Transaction =  Active transactions (2)
    Then Verify for Active Transaction                                            # ActiveTransactionProjectContactStepDefinitions.verify_for_Active_Notifications()
    Then User clicks on first Active Transaction                                  # ActiveTransactionProjectContactStepDefinitions.User_clicks_first_Active_Transaction()
    And Click on go to Project contact list                                       # ActiveTransactionProjectContactStepDefinitions.navigate_Project_Overview_section_add_project_overview()
    Then Add the new client contact                                               # ActiveTransactionProjectContactStepDefinitions.clicks_on_Next_Add_Client_Lead()
[INFO]	[Assertion Pass]	User entered first Name
    Then Add Client First Name                                                    # ActiveTransactionProjectContactStepDefinitions.select_Anticipated_award_Date()
[INFO]	[Assertion Pass]	User entered last Name
    And Add Client Last Name                                                      # ActiveTransactionProjectContactStepDefinitions.select_Competitive_Project()
    Then Select Project Role                                                      # ActiveTransactionProjectContactStepDefinitions.add_Client_Lead_Email_Address_click_on_next()
[INFO]	[Assertion Pass]	User entered Member Email Address
    Then Add Email Address for the Member and Click on save Contact for Duplicate # ActiveTransactionProjectContactStepDefinitions.add_Email_Address_Member_Click_on_save_Contact()
      org.openqa.selenium.NoSuchElementException: no such element: Unable to locate element: {"method":"xpath","selector":"//p[@class='errorMsg ng-star-inserted']"}
  (Session info: chrome=122.0.6261.112)
For documentation on this error, please visit: https://www.seleniumhq.org/exceptions/no_such_element.html
Build info: version: '3.141.59', revision: 'e82be7d358', time: '2018-11-14T08:17:03'
System info: host: 'EUROW42SLPC5721', ip: '192.168.29.116', os.name: 'Windows 10', os.arch: 'amd64', os.version: '10.0', java.version: '1.8.0_221'
Driver info: org.openqa.selenium.chrome.ChromeDriver
Capabilities {acceptInsecureCerts: false, browserName: chrome, browserVersion: 122.0.6261.112, chrome: {chromedriverVersion: 122.0.6261.111 (9d4c1072da6..., userDataDir: C:\Users\vs106039\AppData\L...}, fedcm:accounts: true, goog:chromeOptions: {debuggerAddress: localhost:56428}, javascriptEnabled: true, networkConnectionEnabled: false, pageLoadStrategy: normal, platform: WINDOWS, platformName: WINDOWS, proxy: Proxy(), setWindowRect: true, strictFileInteractability: false, timeouts: {implicit: 0, pageLoad: 300000, script: 30000}, unhandledPromptBehavior: dismiss and notify, webauthn:extension:credBlob: true, webauthn:extension:largeBlob: true, webauthn:extension:minPinLength: true, webauthn:extension:prf: true, webauthn:virtualAuthenticators: true}
Session ID: cf8557607df68a4193a954dc25041c85
*** Element info: {Using=xpath, value=//p[@class='errorMsg ng-star-inserted']}
	at sun.reflect.GeneratedConstructorAccessor91.newInstance(Unknown Source)
	at sun.reflect.DelegatingConstructorAccessorImpl.newInstance(DelegatingConstructorAccessorImpl.java:45)
	at java.lang.reflect.Constructor.newInstance(Constructor.java:423)
	at org.openqa.selenium.remote.http.W3CHttpResponseCodec.createException(W3CHttpResponseCodec.java:187)
	at org.openqa.selenium.remote.http.W3CHttpResponseCodec.decode(W3CHttpResponseCodec.java:122)
	at org.openqa.selenium.remote.http.W3CHttpResponseCodec.decode(W3CHttpResponseCodec.java:49)
	at org.openqa.selenium.remote.HttpCommandExecutor.execute(HttpCommandExecutor.java:158)
	at org.openqa.selenium.remote.service.DriverCommandExecutor.execute(DriverCommandExecutor.java:83)
	at org.openqa.selenium.remote.RemoteWebDriver.execute(RemoteWebDriver.java:552)
	at org.openqa.selenium.remote.RemoteWebDriver.findElement(RemoteWebDriver.java:323)
	at org.openqa.selenium.remote.RemoteWebDriver.findElementByXPath(RemoteWebDriver.java:428)
	at org.openqa.selenium.By$ByXPath.findElement(By.java:353)
	at org.openqa.selenium.remote.RemoteWebDriver.findElement(RemoteWebDriver.java:315)
	at sun.reflect.GeneratedMethodAccessor8.invoke(Unknown Source)
	at sun.reflect.DelegatingMethodAccessorImpl.invoke(DelegatingMethodAccessorImpl.java:43)
	at java.lang.reflect.Method.invoke(Method.java:498)
	at org.openqa.selenium.support.events.EventFiringWebDriver.lambda$new$1(EventFiringWebDriver.java:105)
	at com.sun.proxy.$Proxy25.findElement(Unknown Source)
	at org.openqa.selenium.support.events.EventFiringWebDriver.findElement(EventFiringWebDriver.java:194)
	at org.openqa.selenium.support.pagefactory.DefaultElementLocator.findElement(DefaultElementLocator.java:69)
	at org.openqa.selenium.support.pagefactory.internal.LocatingElementHandler.invoke(LocatingElementHandler.java:38)
	at com.sun.proxy.$Proxy28.isDisplayed(Unknown Source)
	at com.zensar.pageobjects.ProjectContact.DuplicateContactAdd(ProjectContact.java:371)
	at com.zensar.stepDefinations.ActiveTransactionProjectContactStepDefinitions.add_Email_Address_Member_Click_on_save_Contact(ActiveTransactionProjectContactStepDefinitions.java:163)
	at ?.Add Email Address for the Member and Click on save Contact for Duplicate(src/main/java/com/zensar/features/ProjectContact.feature:144)


  Scenario Outline: Verify user can not add ISG contact #<DataSetName> # src/main/java/com/zensar/features/ProjectContact.feature:150
    When user logs in to ISG
    Then Verify for Active Transaction
    Then User clicks on first Active Transaction
    And Click on go to Project contact list
    Then Add the new client contact
    Then Add Client First Name
    And Add Client Last Name
    Then Select Project Role
    Then Add Email Address for the ISG and Click on save Contact

    Examples: 

  Background:                                          # src/main/java/com/zensar/features/ProjectContact.feature:3
    Given User navigates to ISG Landing Page and Login # SetupProjectStepDefinitions.user_navigates_to_Isg_Landing_Page()

  Scenario Outline: Verify user can not add ISG contact #AddContact # src/main/java/com/zensar/features/ProjectContact.feature:163
    When user logs in to ISG                                        # SetupProjectStepDefinitions.user_clicks_on_submit_another_item()
[INFO]	[Assertion Pass]	Number of Active Transaction =  Active transactions (2)
    Then Verify for Active Transaction                              # ActiveTransactionProjectContactStepDefinitions.verify_for_Active_Notifications()
    Then User clicks on first Active Transaction                    # ActiveTransactionProjectContactStepDefinitions.User_clicks_first_Active_Transaction()
    And Click on go to Project contact list                         # ActiveTransactionProjectContactStepDefinitions.navigate_Project_Overview_section_add_project_overview()
    Then Add the new client contact                                 # ActiveTransactionProjectContactStepDefinitions.clicks_on_Next_Add_Client_Lead()
[INFO]	[Assertion Pass]	User entered first Name
    Then Add Client First Name                                      # ActiveTransactionProjectContactStepDefinitions.select_Anticipated_award_Date()
[INFO]	[Assertion Pass]	User entered last Name
    And Add Client Last Name                                        # ActiveTransactionProjectContactStepDefinitions.select_Competitive_Project()
    Then Select Project Role                                        # ActiveTransactionProjectContactStepDefinitions.add_Client_Lead_Email_Address_click_on_next()
[INFO]	[Assertion Pass]	User entered ISG Email Address
    Then Add Email Address for the ISG and Click on save Contact    # ActiveTransactionProjectContactStepDefinitions.add_Email_Address_ISG_Click_save_Contact()
      org.openqa.selenium.json.JsonException: java.lang.reflect.InvocationTargetException
Build info: version: '3.141.59', revision: 'e82be7d358', time: '2018-11-14T08:17:03'
System info: host: 'EUROW42SLPC5721', ip: '192.168.29.116', os.name: 'Windows 10', os.arch: 'amd64', os.version: '10.0', java.version: '1.8.0_221'
Driver info: driver.version: EventFiringWebDriver
	at org.openqa.selenium.json.JsonOutput.convertUsingMethod(JsonOutput.java:332)
	at org.openqa.selenium.json.JsonOutput.lambda$new$16(JsonOutput.java:155)
	at org.openqa.selenium.json.JsonOutput.write(JsonOutput.java:264)
	at org.openqa.selenium.json.JsonOutput.lambda$null$21(JsonOutput.java:168)
	at java.util.LinkedHashMap$LinkedValues.forEach(LinkedHashMap.java:608)
	at org.openqa.selenium.json.JsonOutput.lambda$new$22(JsonOutput.java:168)
	at org.openqa.selenium.json.JsonOutput.write(JsonOutput.java:264)
	at org.openqa.selenium.json.JsonOutput.lambda$null$23(JsonOutput.java:177)
	at com.google.common.collect.SingletonImmutableBiMap.forEach(SingletonImmutableBiMap.java:65)
	at org.openqa.selenium.json.JsonOutput.lambda$new$24(JsonOutput.java:176)
	at org.openqa.selenium.json.JsonOutput.write(JsonOutput.java:264)
	at org.openqa.selenium.json.JsonOutput.write(JsonOutput.java:255)
	at org.openqa.selenium.json.Json.toJson(Json.java:42)
	at org.openqa.selenium.remote.http.AbstractHttpCommandCodec.encode(AbstractHttpCommandCodec.java:227)
	at org.openqa.selenium.remote.http.AbstractHttpCommandCodec.encode(AbstractHttpCommandCodec.java:117)
	at org.openqa.selenium.remote.HttpCommandExecutor.execute(HttpCommandExecutor.java:152)
	at org.openqa.selenium.remote.service.DriverCommandExecutor.execute(DriverCommandExecutor.java:83)
	at org.openqa.selenium.remote.RemoteWebDriver.execute(RemoteWebDriver.java:552)
	at org.openqa.selenium.remote.RemoteWebDriver.perform(RemoteWebDriver.java:618)
	at sun.reflect.GeneratedMethodAccessor19.invoke(Unknown Source)
	at sun.reflect.DelegatingMethodAccessorImpl.invoke(DelegatingMethodAccessorImpl.java:43)
	at java.lang.reflect.Method.invoke(Method.java:498)
	at org.openqa.selenium.support.events.EventFiringWebDriver.lambda$new$1(EventFiringWebDriver.java:105)
	at com.sun.proxy.$Proxy25.perform(Unknown Source)
	at org.openqa.selenium.support.events.EventFiringWebDriver.perform(EventFiringWebDriver.java:360)
	at org.openqa.selenium.interactions.Actions$BuiltAction.perform(Actions.java:639)
	at com.zensar.scriptutils.GlobalFunction.click(GlobalFunction.java:408)
	at com.zensar.pageobjects.ProjectContact.ISGContactAdd(ProjectContact.java:380)
	at com.zensar.stepDefinations.ActiveTransactionProjectContactStepDefinitions.add_Email_Address_ISG_Click_save_Contact(ActiveTransactionProjectContactStepDefinitions.java:168)
	at ?.Add Email Address for the ISG and Click on save Contact(src/main/java/com/zensar/features/ProjectContact.feature:159)
	Suppressed: org.openqa.selenium.json.JsonException: Attempting to close incomplete json stream
Build info: version: '3.141.59', revision: 'e82be7d358', time: '2018-11-14T08:17:03'
System info: host: 'EUROW42SLPC5721', ip: '192.168.29.116', os.name: 'Windows 10', os.arch: 'amd64', os.version: '10.0', java.version: '1.8.0_221'
Driver info: driver.version: EventFiringWebDriver
		at org.openqa.selenium.json.JsonOutput.close(JsonOutput.java:279)
		at org.openqa.selenium.json.Json.toJson(Json.java:44)
		at org.openqa.selenium.remote.http.AbstractHttpCommandCodec.encode(AbstractHttpCommandCodec.java:227)
		at org.openqa.selenium.remote.http.AbstractHttpCommandCodec.encode(AbstractHttpCommandCodec.java:117)
		at org.openqa.selenium.remote.HttpCommandExecutor.execute(HttpCommandExecutor.java:152)
		at org.openqa.selenium.remote.service.DriverCommandExecutor.execute(DriverCommandExecutor.java:83)
		at org.openqa.selenium.remote.RemoteWebDriver.execute(RemoteWebDriver.java:552)
		at org.openqa.selenium.remote.RemoteWebDriver.perform(RemoteWebDriver.java:618)
		at sun.reflect.GeneratedMethodAccessor19.invoke(Unknown Source)
		at sun.reflect.DelegatingMethodAccessorImpl.invoke(DelegatingMethodAccessorImpl.java:43)
		at java.lang.reflect.Method.invoke(Method.java:498)
		at org.openqa.selenium.support.events.EventFiringWebDriver.lambda$new$1(EventFiringWebDriver.java:105)
		at com.sun.proxy.$Proxy25.perform(Unknown Source)
		at org.openqa.selenium.support.events.EventFiringWebDriver.perform(EventFiringWebDriver.java:360)
		at org.openqa.selenium.interactions.Actions$BuiltAction.perform(Actions.java:639)
		at com.zensar.scriptutils.GlobalFunction.click(GlobalFunction.java:408)
		at com.zensar.pageobjects.ProjectContact.ISGContactAdd(ProjectContact.java:380)
		at com.zensar.stepDefinations.ActiveTransactionProjectContactStepDefinitions.add_Email_Address_ISG_Click_save_Contact(ActiveTransactionProjectContactStepDefinitions.java:168)
		at sun.reflect.NativeMethodAccessorImpl.invoke0(Native Method)
		at sun.reflect.NativeMethodAccessorImpl.invoke(NativeMethodAccessorImpl.java:62)
		at sun.reflect.DelegatingMethodAccessorImpl.invoke(DelegatingMethodAccessorImpl.java:43)
		at java.lang.reflect.Method.invoke(Method.java:498)
		at cucumber.runtime.Utils$1.call(Utils.java:26)
		at cucumber.runtime.Timeout.timeout(Timeout.java:16)
		at cucumber.runtime.Utils.invoke(Utils.java:20)
		at cucumber.runtime.java.JavaStepDefinition.execute(JavaStepDefinition.java:49)
		at cucumber.runner.PickleStepDefinitionMatch.runStep(PickleStepDefinitionMatch.java:50)
		at cucumber.runner.TestStep.executeStep(TestStep.java:63)
		at cucumber.runner.TestStep.run(TestStep.java:49)
		at cucumber.runner.PickleStepTestStep.run(PickleStepTestStep.java:43)
		at cucumber.runner.TestCase.run(TestCase.java:44)
		at cucumber.runner.Runner.runPickle(Runner.java:40)
		at cucumber.api.testng.TestNGCucumberRunner.runScenario(TestNGCucumberRunner.java:68)
		at com.zensar.runner.ProjectContact.feature(ProjectContact.java:37)
		at sun.reflect.NativeMethodAccessorImpl.invoke0(Native Method)
		at sun.reflect.NativeMethodAccessorImpl.invoke(NativeMethodAccessorImpl.java:62)
		at sun.reflect.DelegatingMethodAccessorImpl.invoke(DelegatingMethodAccessorImpl.java:43)
		at java.lang.reflect.Method.invoke(Method.java:498)
		at org.testng.internal.MethodInvocationHelper.invokeMethod(MethodInvocationHelper.java:124)
		at org.testng.internal.Invoker.invokeMethod(Invoker.java:583)
		at org.testng.internal.Invoker.invokeTestMethod(Invoker.java:719)
		at org.testng.internal.Invoker.invokeTestMethods(Invoker.java:989)
		at org.testng.internal.TestMethodWorker.invokeTestMethods(TestMethodWorker.java:125)
		at org.testng.internal.TestMethodWorker.run(TestMethodWorker.java:109)
		at org.testng.TestRunner.privateRun(TestRunner.java:648)
		at org.testng.TestRunner.run(TestRunner.java:505)
		at org.testng.SuiteRunner.runTest(SuiteRunner.java:455)
		at org.testng.SuiteRunner.access$000(SuiteRunner.java:40)
		at org.testng.SuiteRunner$SuiteWorker.run(SuiteRunner.java:489)
		at org.testng.internal.thread.ThreadUtil$1.call(ThreadUtil.java:52)
		at java.util.concurrent.FutureTask.run(FutureTask.java:266)
		at java.util.concurrent.ThreadPoolExecutor.runWorker(ThreadPoolExecutor.java:1149)
		at java.util.concurrent.ThreadPoolExecutor$Worker.run(ThreadPoolExecutor.java:624)
		at java.lang.Thread.run(Thread.java:748)
Caused by: java.lang.reflect.InvocationTargetException
	at sun.reflect.GeneratedMethodAccessor20.invoke(Unknown Source)
	at sun.reflect.DelegatingMethodAccessorImpl.invoke(DelegatingMethodAccessorImpl.java:43)
	at java.lang.reflect.Method.invoke(Method.java:498)
	at org.openqa.selenium.json.JsonOutput.convertUsingMethod(JsonOutput.java:328)
	at org.openqa.selenium.json.JsonOutput.lambda$new$16(JsonOutput.java:155)
	at org.openqa.selenium.json.JsonOutput.write(JsonOutput.java:264)
	at org.openqa.selenium.json.JsonOutput.lambda$null$21(JsonOutput.java:168)
	at java.util.LinkedHashMap$LinkedValues.forEach(LinkedHashMap.java:608)
	at org.openqa.selenium.json.JsonOutput.lambda$new$22(JsonOutput.java:168)
	at org.openqa.selenium.json.JsonOutput.write(JsonOutput.java:264)
	at org.openqa.selenium.json.JsonOutput.lambda$null$23(JsonOutput.java:177)
	at com.google.common.collect.SingletonImmutableBiMap.forEach(SingletonImmutableBiMap.java:65)
	at org.openqa.selenium.json.JsonOutput.lambda$new$24(JsonOutput.java:176)
	at org.openqa.selenium.json.JsonOutput.write(JsonOutput.java:264)
	at org.openqa.selenium.json.JsonOutput.write(JsonOutput.java:255)
	at org.openqa.selenium.json.Json.toJson(Json.java:42)
	at org.openqa.selenium.remote.http.AbstractHttpCommandCodec.encode(AbstractHttpCommandCodec.java:227)
	at org.openqa.selenium.remote.http.AbstractHttpCommandCodec.encode(AbstractHttpCommandCodec.java:117)
	at org.openqa.selenium.remote.HttpCommandExecutor.execute(HttpCommandExecutor.java:152)
	at org.openqa.selenium.remote.service.DriverCommandExecutor.execute(DriverCommandExecutor.java:83)
	at org.openqa.selenium.remote.RemoteWebDriver.execute(RemoteWebDriver.java:552)
	at org.openqa.selenium.remote.RemoteWebDriver.perform(RemoteWebDriver.java:618)
	at sun.reflect.GeneratedMethodAccessor19.invoke(Unknown Source)
	at sun.reflect.DelegatingMethodAccessorImpl.invoke(DelegatingMethodAccessorImpl.java:43)
	at java.lang.reflect.Method.invoke(Method.java:498)
	at org.openqa.selenium.support.events.EventFiringWebDriver.lambda$new$1(EventFiringWebDriver.java:105)
	at com.sun.proxy.$Proxy25.perform(Unknown Source)
	at org.openqa.selenium.support.events.EventFiringWebDriver.perform(EventFiringWebDriver.java:360)
	at org.openqa.selenium.interactions.Actions$BuiltAction.perform(Actions.java:639)
	at com.zensar.scriptutils.GlobalFunction.click(GlobalFunction.java:408)
	at com.zensar.pageobjects.ProjectContact.ISGContactAdd(ProjectContact.java:380)
	at com.zensar.stepDefinations.ActiveTransactionProjectContactStepDefinitions.add_Email_Address_ISG_Click_save_Contact(ActiveTransactionProjectContactStepDefinitions.java:168)
	at sun.reflect.NativeMethodAccessorImpl.invoke0(Native Method)
	at sun.reflect.NativeMethodAccessorImpl.invoke(NativeMethodAccessorImpl.java:62)
	at sun.reflect.DelegatingMethodAccessorImpl.invoke(DelegatingMethodAccessorImpl.java:43)
	at java.lang.reflect.Method.invoke(Method.java:498)
	at cucumber.runtime.Utils$1.call(Utils.java:26)
	at cucumber.runtime.Timeout.timeout(Timeout.java:16)
	at cucumber.runtime.Utils.invoke(Utils.java:20)
	at cucumber.runtime.java.JavaStepDefinition.execute(JavaStepDefinition.java:49)
	at cucumber.runner.PickleStepDefinitionMatch.runStep(PickleStepDefinitionMatch.java:50)
	at cucumber.runner.TestStep.executeStep(TestStep.java:63)
	at cucumber.runner.TestStep.run(TestStep.java:49)
	at cucumber.runner.PickleStepTestStep.run(PickleStepTestStep.java:43)
	at cucumber.runner.TestCase.run(TestCase.java:44)
	at cucumber.runner.Runner.runPickle(Runner.java:40)
	at cucumber.api.testng.TestNGCucumberRunner.runScenario(TestNGCucumberRunner.java:68)
	at com.zensar.runner.ProjectContact.feature(ProjectContact.java:37)
	at sun.reflect.NativeMethodAccessorImpl.invoke0(Native Method)
	at sun.reflect.NativeMethodAccessorImpl.invoke(NativeMethodAccessorImpl.java:62)
	at sun.reflect.DelegatingMethodAccessorImpl.invoke(DelegatingMethodAccessorImpl.java:43)
	at java.lang.reflect.Method.invoke(Method.java:498)
	at org.testng.internal.MethodInvocationHelper.invokeMethod(MethodInvocationHelper.java:124)
	at org.testng.internal.Invoker.invokeMethod(Invoker.java:583)
	at org.testng.internal.Invoker.invokeTestMethod(Invoker.java:719)
	at org.testng.internal.Invoker.invokeTestMethods(Invoker.java:989)
	at org.testng.internal.TestMethodWorker.invokeTestMethods(TestMethodWorker.java:125)
	at org.testng.internal.TestMethodWorker.run(TestMethodWorker.java:109)
	at org.testng.TestRunner.privateRun(TestRunner.java:648)
	at org.testng.TestRunner.run(TestRunner.java:505)
	at org.testng.SuiteRunner.runTest(SuiteRunner.java:455)
	at org.testng.SuiteRunner.access$000(SuiteRunner.java:40)
	at org.testng.SuiteRunner$SuiteWorker.run(SuiteRunner.java:489)
	at org.testng.internal.thread.ThreadUtil$1.call(ThreadUtil.java:52)
	at java.util.concurrent.FutureTask.run(FutureTask.java:266)
	at java.util.concurrent.ThreadPoolExecutor.runWorker(ThreadPoolExecutor.java:1149)
	at java.util.concurrent.ThreadPoolExecutor$Worker.run(ThreadPoolExecutor.java:624)
	at java.lang.Thread.run(Thread.java:748)
Caused by: org.openqa.selenium.NoSuchElementException: no such element: Unable to locate element: {"method":"xpath","selector":"//button[@class='btn primary-btn-large saveFormsDetails saveClientContact ng-star-inserted']"}
  (Session info: chrome=122.0.6261.112)
For documentation on this error, please visit: https://www.seleniumhq.org/exceptions/no_such_element.html
Build info: version: '3.141.59', revision: 'e82be7d358', time: '2018-11-14T08:17:03'
System info: host: 'EUROW42SLPC5721', ip: '192.168.29.116', os.name: 'Windows 10', os.arch: 'amd64', os.version: '10.0', java.version: '1.8.0_221'
Driver info: org.openqa.selenium.chrome.ChromeDriver
Capabilities {acceptInsecureCerts: false, browserName: chrome, browserVersion: 122.0.6261.112, chrome: {chromedriverVersion: 122.0.6261.111 (9d4c1072da6..., userDataDir: C:\Users\vs106039\AppData\L...}, fedcm:accounts: true, goog:chromeOptions: {debuggerAddress: localhost:56512}, javascriptEnabled: true, networkConnectionEnabled: false, pageLoadStrategy: normal, platform: WINDOWS, platformName: WINDOWS, proxy: Proxy(), setWindowRect: true, strictFileInteractability: false, timeouts: {implicit: 0, pageLoad: 300000, script: 30000}, unhandledPromptBehavior: dismiss and notify, webauthn:extension:credBlob: true, webauthn:extension:largeBlob: true, webauthn:extension:minPinLength: true, webauthn:extension:prf: true, webauthn:virtualAuthenticators: true}
Session ID: 57d2ffbfca20815e89a3be4a2db8ba3d
*** Element info: {Using=xpath, value=//button[@class='btn primary-btn-large saveFormsDetails saveClientContact ng-star-inserted']}
	at sun.reflect.GeneratedConstructorAccessor91.newInstance(Unknown Source)
	at sun.reflect.DelegatingConstructorAccessorImpl.newInstance(DelegatingConstructorAccessorImpl.java:45)
	at java.lang.reflect.Constructor.newInstance(Constructor.java:423)
	at org.openqa.selenium.remote.http.W3CHttpResponseCodec.createException(W3CHttpResponseCodec.java:187)
	at org.openqa.selenium.remote.http.W3CHttpResponseCodec.decode(W3CHttpResponseCodec.java:122)
	at org.openqa.selenium.remote.http.W3CHttpResponseCodec.decode(W3CHttpResponseCodec.java:49)
	at org.openqa.selenium.remote.HttpCommandExecutor.execute(HttpCommandExecutor.java:158)
	at org.openqa.selenium.remote.service.DriverCommandExecutor.execute(DriverCommandExecutor.java:83)
	at org.openqa.selenium.remote.RemoteWebDriver.execute(RemoteWebDriver.java:552)
	at org.openqa.selenium.remote.RemoteWebDriver.findElement(RemoteWebDriver.java:323)
	at org.openqa.selenium.remote.RemoteWebDriver.findElementByXPath(RemoteWebDriver.java:428)
	at org.openqa.selenium.By$ByXPath.findElement(By.java:353)
	at org.openqa.selenium.remote.RemoteWebDriver.findElement(RemoteWebDriver.java:315)
	at sun.reflect.GeneratedMethodAccessor8.invoke(Unknown Source)
	at sun.reflect.DelegatingMethodAccessorImpl.invoke(DelegatingMethodAccessorImpl.java:43)
	at java.lang.reflect.Method.invoke(Method.java:498)
	at org.openqa.selenium.support.events.EventFiringWebDriver.lambda$new$1(EventFiringWebDriver.java:105)
	at com.sun.proxy.$Proxy25.findElement(Unknown Source)
	at org.openqa.selenium.support.events.EventFiringWebDriver.findElement(EventFiringWebDriver.java:194)
	at org.openqa.selenium.support.pagefactory.DefaultElementLocator.findElement(DefaultElementLocator.java:69)
	at org.openqa.selenium.support.pagefactory.internal.LocatingElementHandler.invoke(LocatingElementHandler.java:38)
	at com.sun.proxy.$Proxy28.getWrappedElement(Unknown Source)
	at org.openqa.selenium.interactions.PointerInput$Origin.asArg(PointerInput.java:204)
	at org.openqa.selenium.interactions.PointerInput$Move.encode(PointerInput.java:155)
	at org.openqa.selenium.interactions.Sequence.encode(Sequence.java:75)
	at org.openqa.selenium.interactions.Sequence.toJson(Sequence.java:84)
	... 68 more


  Scenario Outline: Verify user can not add duplicate attorney #<DataSetName> # src/main/java/com/zensar/features/ProjectContact.feature:165
    When user logs in to ISG
    Then Verify for Active Transaction
    Then User clicks on first Active Transaction
    And Click on go to Project contact list
    Then Add the new client contact
    Then Add Client First Name
    And Add Client Last Name
    Then Select Project Role
    Then Add Email Address for the Attorney and Click on save Contact

    Examples: 

  Background:                                          # src/main/java/com/zensar/features/ProjectContact.feature:3
    Given User navigates to ISG Landing Page and Login # SetupProjectStepDefinitions.user_navigates_to_Isg_Landing_Page()

  Scenario Outline: Verify user can not add duplicate attorney #AddContact # src/main/java/com/zensar/features/ProjectContact.feature:178
    When user logs in to ISG                                               # SetupProjectStepDefinitions.user_clicks_on_submit_another_item()
[INFO]	[Assertion Pass]	Number of Active Transaction =  Active transactions (2)
    Then Verify for Active Transaction                                     # ActiveTransactionProjectContactStepDefinitions.verify_for_Active_Notifications()
    Then User clicks on first Active Transaction                           # ActiveTransactionProjectContactStepDefinitions.User_clicks_first_Active_Transaction()
    And Click on go to Project contact list                                # ActiveTransactionProjectContactStepDefinitions.navigate_Project_Overview_section_add_project_overview()
    Then Add the new client contact                                        # ActiveTransactionProjectContactStepDefinitions.clicks_on_Next_Add_Client_Lead()
[INFO]	[Assertion Pass]	User entered first Name
    Then Add Client First Name                                             # ActiveTransactionProjectContactStepDefinitions.select_Anticipated_award_Date()
[INFO]	[Assertion Pass]	User entered last Name
    And Add Client Last Name                                               # ActiveTransactionProjectContactStepDefinitions.select_Competitive_Project()
    Then Select Project Role                                               # ActiveTransactionProjectContactStepDefinitions.add_Client_Lead_Email_Address_click_on_next()
[INFO]	[Assertion Pass]	User entered Attorney Email Address
[INFO]	[Assertion Pass]	Email is duplicate
    Then Add Email Address for the Attorney and Click on save Contact      # ActiveTransactionProjectContactStepDefinitions.add_Email_Address_Attorney_Click_save_Contact()

Failed scenarios:	 >>>>>> (Stats.java:172)	13:47:33
src/main/java/com/zensar/features/ProjectContact.feature:122 # Verify user not able to remove ISG Contact  	 >>>>>> (Stats.java:178)	13:47:33
#AddContact	 >>>>>> (Stats.java:178)	13:47:33
src/main/java/com/zensar/features/ProjectContact.feature:148 # Verify user can not add duplicate contact 	 >>>>>> (Stats.java:178)	13:47:33
#AddContact	 >>>>>> (Stats.java:178)	13:47:33
src/main/java/com/zensar/features/ProjectContact.feature:163 # Verify user can not add ISG contact 	 >>>>>> (Stats.java:178)	13:47:33
#AddContact	 >>>>>> (Stats.java:178)	13:47:33

Undefined scenarios:	 >>>>>> (Stats.java:172)	13:47:33
src/main/java/com/zensar/features/ProjectContact.feature:133 # Verify user not able to see Edit contact & remove contact button for non ISG Contact  	 >>>>>> (Stats.java:178)	13:47:33
#AddContact	 >>>>>> (Stats.java:178)	13:47:33

12 Scenarios (3 failed, 1 undefined, 8 passed)	 >>>>>> (Stats.java:129)	13:47:33
116 Steps (3 failed, 1 undefined, 112 passed)	 >>>>>> (Stats.java:122)	13:47:33
19m2.694s	 >>>>>> (Stats.java:157)	13:47:33

org.openqa.selenium.NoSuchElementException: no such element: Unable to locate element: {"method":"xpath","selector":"//button[@class='btn secondary-btn-large ng-star-inserted']"}
  (Session info: chrome=122.0.6261.112)
For documentation on this error, please visit: https://www.seleniumhq.org/exceptions/no_such_element.html
Build info: version: '3.141.59', revision: 'e82be7d358', time: '2018-11-14T08:17:03'
System info: host: 'EUROW42SLPC5721', ip: '192.168.29.116', os.name: 'Windows 10', os.arch: 'amd64', os.version: '10.0', java.version: '1.8.0_221'
Driver info: org.openqa.selenium.chrome.ChromeDriver
Capabilities {acceptInsecureCerts: false, browserName: chrome, browserVersion: 122.0.6261.112, chrome: {chromedriverVersion: 122.0.6261.111 (9d4c1072da6..., userDataDir: C:\Users\vs106039\AppData\L...}, fedcm:accounts: true, goog:chromeOptions: {debuggerAddress: localhost:56285}, javascriptEnabled: true, networkConnectionEnabled: false, pageLoadStrategy: normal, platform: WINDOWS, platformName: WINDOWS, proxy: Proxy(), setWindowRect: true, strictFileInteractability: false, timeouts: {implicit: 0, pageLoad: 300000, script: 30000}, unhandledPromptBehavior: dismiss and notify, webauthn:extension:credBlob: true, webauthn:extension:largeBlob: true, webauthn:extension:minPinLength: true, webauthn:extension:prf: true, webauthn:virtualAuthenticators: true}
Session ID: cdaa79e0da912d93e202e077c6d4cd1f
*** Element info: {Using=xpath, value=//button[@class='btn secondary-btn-large ng-star-inserted']}	 >>>>>> (Throwable.java:749)	13:47:33
	at sun.reflect.GeneratedConstructorAccessor91.newInstance(Unknown Source)	 >>>>>> (Throwable.java:749)	13:47:33
	at sun.reflect.DelegatingConstructorAccessorImpl.newInstance(DelegatingConstructorAccessorImpl.java:45)	 >>>>>> (Throwable.java:749)	13:47:33
	at java.lang.reflect.Constructor.newInstance(Constructor.java:423)	 >>>>>> (Throwable.java:749)	13:47:33
	at org.openqa.selenium.remote.http.W3CHttpResponseCodec.createException(W3CHttpResponseCodec.java:187)	 >>>>>> (Throwable.java:749)	13:47:33
	at org.openqa.selenium.remote.http.W3CHttpResponseCodec.decode(W3CHttpResponseCodec.java:122)	 >>>>>> (Throwable.java:749)	13:47:33
	at org.openqa.selenium.remote.http.W3CHttpResponseCodec.decode(W3CHttpResponseCodec.java:49)	 >>>>>> (Throwable.java:749)	13:47:33
	at org.openqa.selenium.remote.HttpCommandExecutor.execute(HttpCommandExecutor.java:158)	 >>>>>> (Throwable.java:749)	13:47:33
	at org.openqa.selenium.remote.service.DriverCommandExecutor.execute(DriverCommandExecutor.java:83)	 >>>>>> (Throwable.java:749)	13:47:33
	at org.openqa.selenium.remote.RemoteWebDriver.execute(RemoteWebDriver.java:552)	 >>>>>> (Throwable.java:749)	13:47:33
	at org.openqa.selenium.remote.RemoteWebDriver.findElement(RemoteWebDriver.java:323)	 >>>>>> (Throwable.java:749)	13:47:33
	at org.openqa.selenium.remote.RemoteWebDriver.findElementByXPath(RemoteWebDriver.java:428)	 >>>>>> (Throwable.java:749)	13:47:33
	at org.openqa.selenium.By$ByXPath.findElement(By.java:353)	 >>>>>> (Throwable.java:749)	13:47:33
	at org.openqa.selenium.remote.RemoteWebDriver.findElement(RemoteWebDriver.java:315)	 >>>>>> (Throwable.java:749)	13:47:33
	at sun.reflect.GeneratedMethodAccessor8.invoke(Unknown Source)	 >>>>>> (Throwable.java:749)	13:47:33
	at sun.reflect.DelegatingMethodAccessorImpl.invoke(DelegatingMethodAccessorImpl.java:43)	 >>>>>> (Throwable.java:749)	13:47:33
	at java.lang.reflect.Method.invoke(Method.java:498)	 >>>>>> (Throwable.java:749)	13:47:33
	at org.openqa.selenium.support.events.EventFiringWebDriver.lambda$new$1(EventFiringWebDriver.java:105)	 >>>>>> (Throwable.java:749)	13:47:33
	at com.sun.proxy.$Proxy25.findElement(Unknown Source)	 >>>>>> (Throwable.java:749)	13:47:33
	at org.openqa.selenium.support.events.EventFiringWebDriver.findElement(EventFiringWebDriver.java:194)	 >>>>>> (Throwable.java:749)	13:47:33
	at org.openqa.selenium.support.pagefactory.DefaultElementLocator.findElement(DefaultElementLocator.java:69)	 >>>>>> (Throwable.java:749)	13:47:33
	at org.openqa.selenium.support.pagefactory.internal.LocatingElementHandler.invoke(LocatingElementHandler.java:38)	 >>>>>> (Throwable.java:749)	13:47:33
	at com.sun.proxy.$Proxy28.isDisplayed(Unknown Source)	 >>>>>> (Throwable.java:749)	13:47:33
	at com.zensar.scriptutils.GlobalFunction.waitForElement(GlobalFunction.java:1677)	 >>>>>> (Throwable.java:749)	13:47:33
	at com.zensar.pageobjects.ProjectContact.RemoveContactButton(ProjectContact.java:355)	 >>>>>> (Throwable.java:749)	13:47:33
	at com.zensar.stepDefinations.ActiveTransactionProjectContactStepDefinitions.verify_remove_contact_button(ActiveTransactionProjectContactStepDefinitions.java:158)	 >>>>>> (Throwable.java:749)	13:47:33
	at ?.Verify there is no remove contact button(src/main/java/com/zensar/features/ProjectContact.feature:119)	 >>>>>> (Throwable.java:749)	13:47:33

org.openqa.selenium.NoSuchElementException: no such element: Unable to locate element: {"method":"xpath","selector":"//p[@class='errorMsg ng-star-inserted']"}
  (Session info: chrome=122.0.6261.112)
For documentation on this error, please visit: https://www.seleniumhq.org/exceptions/no_such_element.html
Build info: version: '3.141.59', revision: 'e82be7d358', time: '2018-11-14T08:17:03'
System info: host: 'EUROW42SLPC5721', ip: '192.168.29.116', os.name: 'Windows 10', os.arch: 'amd64', os.version: '10.0', java.version: '1.8.0_221'
Driver info: org.openqa.selenium.chrome.ChromeDriver
Capabilities {acceptInsecureCerts: false, browserName: chrome, browserVersion: 122.0.6261.112, chrome: {chromedriverVersion: 122.0.6261.111 (9d4c1072da6..., userDataDir: C:\Users\vs106039\AppData\L...}, fedcm:accounts: true, goog:chromeOptions: {debuggerAddress: localhost:56428}, javascriptEnabled: true, networkConnectionEnabled: false, pageLoadStrategy: normal, platform: WINDOWS, platformName: WINDOWS, proxy: Proxy(), setWindowRect: true, strictFileInteractability: false, timeouts: {implicit: 0, pageLoad: 300000, script: 30000}, unhandledPromptBehavior: dismiss and notify, webauthn:extension:credBlob: true, webauthn:extension:largeBlob: true, webauthn:extension:minPinLength: true, webauthn:extension:prf: true, webauthn:virtualAuthenticators: true}
Session ID: cf8557607df68a4193a954dc25041c85
*** Element info: {Using=xpath, value=//p[@class='errorMsg ng-star-inserted']}	 >>>>>> (Throwable.java:749)	13:47:33
	at sun.reflect.GeneratedConstructorAccessor91.newInstance(Unknown Source)	 >>>>>> (Throwable.java:749)	13:47:33
	at sun.reflect.DelegatingConstructorAccessorImpl.newInstance(DelegatingConstructorAccessorImpl.java:45)	 >>>>>> (Throwable.java:749)	13:47:33
	at java.lang.reflect.Constructor.newInstance(Constructor.java:423)	 >>>>>> (Throwable.java:749)	13:47:33
	at org.openqa.selenium.remote.http.W3CHttpResponseCodec.createException(W3CHttpResponseCodec.java:187)	 >>>>>> (Throwable.java:749)	13:47:33
	at org.openqa.selenium.remote.http.W3CHttpResponseCodec.decode(W3CHttpResponseCodec.java:122)	 >>>>>> (Throwable.java:749)	13:47:33
	at org.openqa.selenium.remote.http.W3CHttpResponseCodec.decode(W3CHttpResponseCodec.java:49)	 >>>>>> (Throwable.java:749)	13:47:33
	at org.openqa.selenium.remote.HttpCommandExecutor.execute(HttpCommandExecutor.java:158)	 >>>>>> (Throwable.java:749)	13:47:33
	at org.openqa.selenium.remote.service.DriverCommandExecutor.execute(DriverCommandExecutor.java:83)	 >>>>>> (Throwable.java:749)	13:47:33
	at org.openqa.selenium.remote.RemoteWebDriver.execute(RemoteWebDriver.java:552)	 >>>>>> (Throwable.java:749)	13:47:33
	at org.openqa.selenium.remote.RemoteWebDriver.findElement(RemoteWebDriver.java:323)	 >>>>>> (Throwable.java:749)	13:47:33
	at org.openqa.selenium.remote.RemoteWebDriver.findElementByXPath(RemoteWebDriver.java:428)	 >>>>>> (Throwable.java:749)	13:47:33
	at org.openqa.selenium.By$ByXPath.findElement(By.java:353)	 >>>>>> (Throwable.java:749)	13:47:33
	at org.openqa.selenium.remote.RemoteWebDriver.findElement(RemoteWebDriver.java:315)	 >>>>>> (Throwable.java:749)	13:47:33
	at sun.reflect.GeneratedMethodAccessor8.invoke(Unknown Source)	 >>>>>> (Throwable.java:749)	13:47:33
	at sun.reflect.DelegatingMethodAccessorImpl.invoke(DelegatingMethodAccessorImpl.java:43)	 >>>>>> (Throwable.java:749)	13:47:33
	at java.lang.reflect.Method.invoke(Method.java:498)	 >>>>>> (Throwable.java:749)	13:47:33
	at org.openqa.selenium.support.events.EventFiringWebDriver.lambda$new$1(EventFiringWebDriver.java:105)	 >>>>>> (Throwable.java:749)	13:47:33
	at com.sun.proxy.$Proxy25.findElement(Unknown Source)	 >>>>>> (Throwable.java:749)	13:47:33
	at org.openqa.selenium.support.events.EventFiringWebDriver.findElement(EventFiringWebDriver.java:194)	 >>>>>> (Throwable.java:749)	13:47:33
	at org.openqa.selenium.support.pagefactory.DefaultElementLocator.findElement(DefaultElementLocator.java:69)	 >>>>>> (Throwable.java:749)	13:47:33
	at org.openqa.selenium.support.pagefactory.internal.LocatingElementHandler.invoke(LocatingElementHandler.java:38)	 >>>>>> (Throwable.java:749)	13:47:33
	at com.sun.proxy.$Proxy28.isDisplayed(Unknown Source)	 >>>>>> (Throwable.java:749)	13:47:33
	at com.zensar.pageobjects.ProjectContact.DuplicateContactAdd(ProjectContact.java:371)	 >>>>>> (Throwable.java:749)	13:47:33
	at com.zensar.stepDefinations.ActiveTransactionProjectContactStepDefinitions.add_Email_Address_Member_Click_on_save_Contact(ActiveTransactionProjectContactStepDefinitions.java:163)	 >>>>>> (Throwable.java:749)	13:47:33
	at ?.Add Email Address for the Member and Click on save Contact for Duplicate(src/main/java/com/zensar/features/ProjectContact.feature:144)	 >>>>>> (Throwable.java:749)	13:47:33

org.openqa.selenium.json.JsonException: java.lang.reflect.InvocationTargetException
Build info: version: '3.141.59', revision: 'e82be7d358', time: '2018-11-14T08:17:03'
System info: host: 'EUROW42SLPC5721', ip: '192.168.29.116', os.name: 'Windows 10', os.arch: 'amd64', os.version: '10.0', java.version: '1.8.0_221'
Driver info: driver.version: EventFiringWebDriver	 >>>>>> (Throwable.java:749)	13:47:33
	at org.openqa.selenium.json.JsonOutput.convertUsingMethod(JsonOutput.java:332)	 >>>>>> (Throwable.java:749)	13:47:33
	at org.openqa.selenium.json.JsonOutput.lambda$new$16(JsonOutput.java:155)	 >>>>>> (Throwable.java:749)	13:47:33
	at org.openqa.selenium.json.JsonOutput.write(JsonOutput.java:264)	 >>>>>> (Throwable.java:749)	13:47:33
	at org.openqa.selenium.json.JsonOutput.lambda$null$21(JsonOutput.java:168)	 >>>>>> (Throwable.java:749)	13:47:33
	at java.util.LinkedHashMap$LinkedValues.forEach(LinkedHashMap.java:608)	 >>>>>> (Throwable.java:749)	13:47:33
	at org.openqa.selenium.json.JsonOutput.lambda$new$22(JsonOutput.java:168)	 >>>>>> (Throwable.java:749)	13:47:33
	at org.openqa.selenium.json.JsonOutput.write(JsonOutput.java:264)	 >>>>>> (Throwable.java:749)	13:47:33
	at org.openqa.selenium.json.JsonOutput.lambda$null$23(JsonOutput.java:177)	 >>>>>> (Throwable.java:749)	13:47:33
	at com.google.common.collect.SingletonImmutableBiMap.forEach(SingletonImmutableBiMap.java:65)	 >>>>>> (Throwable.java:749)	13:47:33
	at org.openqa.selenium.json.JsonOutput.lambda$new$24(JsonOutput.java:176)	 >>>>>> (Throwable.java:749)	13:47:33
	at org.openqa.selenium.json.JsonOutput.write(JsonOutput.java:264)	 >>>>>> (Throwable.java:749)	13:47:33
	at org.openqa.selenium.json.JsonOutput.write(JsonOutput.java:255)	 >>>>>> (Throwable.java:749)	13:47:33
	at org.openqa.selenium.json.Json.toJson(Json.java:42)	 >>>>>> (Throwable.java:749)	13:47:33
	at org.openqa.selenium.remote.http.AbstractHttpCommandCodec.encode(AbstractHttpCommandCodec.java:227)	 >>>>>> (Throwable.java:749)	13:47:33
	at org.openqa.selenium.remote.http.AbstractHttpCommandCodec.encode(AbstractHttpCommandCodec.java:117)	 >>>>>> (Throwable.java:749)	13:47:33
	at org.openqa.selenium.remote.HttpCommandExecutor.execute(HttpCommandExecutor.java:152)	 >>>>>> (Throwable.java:749)	13:47:33
	at org.openqa.selenium.remote.service.DriverCommandExecutor.execute(DriverCommandExecutor.java:83)	 >>>>>> (Throwable.java:749)	13:47:33
	at org.openqa.selenium.remote.RemoteWebDriver.execute(RemoteWebDriver.java:552)	 >>>>>> (Throwable.java:749)	13:47:33
	at org.openqa.selenium.remote.RemoteWebDriver.perform(RemoteWebDriver.java:618)	 >>>>>> (Throwable.java:749)	13:47:33
	at sun.reflect.GeneratedMethodAccessor19.invoke(Unknown Source)	 >>>>>> (Throwable.java:749)	13:47:33
	at sun.reflect.DelegatingMethodAccessorImpl.invoke(DelegatingMethodAccessorImpl.java:43)	 >>>>>> (Throwable.java:749)	13:47:33
	at java.lang.reflect.Method.invoke(Method.java:498)	 >>>>>> (Throwable.java:749)	13:47:33
	at org.openqa.selenium.support.events.EventFiringWebDriver.lambda$new$1(EventFiringWebDriver.java:105)	 >>>>>> (Throwable.java:749)	13:47:33
	at com.sun.proxy.$Proxy25.perform(Unknown Source)	 >>>>>> (Throwable.java:749)	13:47:33
	at org.openqa.selenium.support.events.EventFiringWebDriver.perform(EventFiringWebDriver.java:360)	 >>>>>> (Throwable.java:749)	13:47:33
	at org.openqa.selenium.interactions.Actions$BuiltAction.perform(Actions.java:639)	 >>>>>> (Throwable.java:749)	13:47:33
	at com.zensar.scriptutils.GlobalFunction.click(GlobalFunction.java:408)	 >>>>>> (Throwable.java:749)	13:47:33
	at com.zensar.pageobjects.ProjectContact.ISGContactAdd(ProjectContact.java:380)	 >>>>>> (Throwable.java:749)	13:47:33
	at com.zensar.stepDefinations.ActiveTransactionProjectContactStepDefinitions.add_Email_Address_ISG_Click_save_Contact(ActiveTransactionProjectContactStepDefinitions.java:168)	 >>>>>> (Throwable.java:749)	13:47:33
	at ?.Add Email Address for the ISG and Click on save Contact(src/main/java/com/zensar/features/ProjectContact.feature:159)	 >>>>>> (Throwable.java:749)	13:47:33
	Suppressed: org.openqa.selenium.json.JsonException: Attempting to close incomplete json stream
Build info: version: '3.141.59', revision: 'e82be7d358', time: '2018-11-14T08:17:03'
System info: host: 'EUROW42SLPC5721', ip: '192.168.29.116', os.name: 'Windows 10', os.arch: 'amd64', os.version: '10.0', java.version: '1.8.0_221'
Driver info: driver.version: EventFiringWebDriver	 >>>>>> (Throwable.java:749)	13:47:33
		at org.openqa.selenium.json.JsonOutput.close(JsonOutput.java:279)	 >>>>>> (Throwable.java:749)	13:47:33
		at org.openqa.selenium.json.Json.toJson(Json.java:44)	 >>>>>> (Throwable.java:749)	13:47:33
		at org.openqa.selenium.remote.http.AbstractHttpCommandCodec.encode(AbstractHttpCommandCodec.java:227)	 >>>>>> (Throwable.java:749)	13:47:33
		at org.openqa.selenium.remote.http.AbstractHttpCommandCodec.encode(AbstractHttpCommandCodec.java:117)	 >>>>>> (Throwable.java:749)	13:47:33
		at org.openqa.selenium.remote.HttpCommandExecutor.execute(HttpCommandExecutor.java:152)	 >>>>>> (Throwable.java:749)	13:47:33
		at org.openqa.selenium.remote.service.DriverCommandExecutor.execute(DriverCommandExecutor.java:83)	 >>>>>> (Throwable.java:749)	13:47:33
		at org.openqa.selenium.remote.RemoteWebDriver.execute(RemoteWebDriver.java:552)	 >>>>>> (Throwable.java:749)	13:47:33
		at org.openqa.selenium.remote.RemoteWebDriver.perform(RemoteWebDriver.java:618)	 >>>>>> (Throwable.java:749)	13:47:33
		at sun.reflect.GeneratedMethodAccessor19.invoke(Unknown Source)	 >>>>>> (Throwable.java:749)	13:47:33
		at sun.reflect.DelegatingMethodAccessorImpl.invoke(DelegatingMethodAccessorImpl.java:43)	 >>>>>> (Throwable.java:749)	13:47:33
		at java.lang.reflect.Method.invoke(Method.java:498)	 >>>>>> (Throwable.java:749)	13:47:33
		at org.openqa.selenium.support.events.EventFiringWebDriver.lambda$new$1(EventFiringWebDriver.java:105)	 >>>>>> (Throwable.java:749)	13:47:33
		at com.sun.proxy.$Proxy25.perform(Unknown Source)	 >>>>>> (Throwable.java:749)	13:47:33
		at org.openqa.selenium.support.events.EventFiringWebDriver.perform(EventFiringWebDriver.java:360)	 >>>>>> (Throwable.java:749)	13:47:33
		at org.openqa.selenium.interactions.Actions$BuiltAction.perform(Actions.java:639)	 >>>>>> (Throwable.java:749)	13:47:33
		at com.zensar.scriptutils.GlobalFunction.click(GlobalFunction.java:408)	 >>>>>> (Throwable.java:749)	13:47:33
		at com.zensar.pageobjects.ProjectContact.ISGContactAdd(ProjectContact.java:380)	 >>>>>> (Throwable.java:749)	13:47:33
		at com.zensar.stepDefinations.ActiveTransactionProjectContactStepDefinitions.add_Email_Address_ISG_Click_save_Contact(ActiveTransactionProjectContactStepDefinitions.java:168)	 >>>>>> (Throwable.java:749)	13:47:33
		at sun.reflect.NativeMethodAccessorImpl.invoke0(Native Method)	 >>>>>> (Throwable.java:749)	13:47:33
		at sun.reflect.NativeMethodAccessorImpl.invoke(NativeMethodAccessorImpl.java:62)	 >>>>>> (Throwable.java:749)	13:47:33
		at sun.reflect.DelegatingMethodAccessorImpl.invoke(DelegatingMethodAccessorImpl.java:43)	 >>>>>> (Throwable.java:749)	13:47:33
		at java.lang.reflect.Method.invoke(Method.java:498)	 >>>>>> (Throwable.java:749)	13:47:33
		at cucumber.runtime.Utils$1.call(Utils.java:26)	 >>>>>> (Throwable.java:749)	13:47:33
		at cucumber.runtime.Timeout.timeout(Timeout.java:16)	 >>>>>> (Throwable.java:749)	13:47:33
		at cucumber.runtime.Utils.invoke(Utils.java:20)	 >>>>>> (Throwable.java:749)	13:47:33
		at cucumber.runtime.java.JavaStepDefinition.execute(JavaStepDefinition.java:49)	 >>>>>> (Throwable.java:749)	13:47:33
		at cucumber.runner.PickleStepDefinitionMatch.runStep(PickleStepDefinitionMatch.java:50)	 >>>>>> (Throwable.java:749)	13:47:33
		at cucumber.runner.TestStep.executeStep(TestStep.java:63)	 >>>>>> (Throwable.java:749)	13:47:33
		at cucumber.runner.TestStep.run(TestStep.java:49)	 >>>>>> (Throwable.java:749)	13:47:33
		at cucumber.runner.PickleStepTestStep.run(PickleStepTestStep.java:43)	 >>>>>> (Throwable.java:749)	13:47:33
		at cucumber.runner.TestCase.run(TestCase.java:44)	 >>>>>> (Throwable.java:749)	13:47:33
		at cucumber.runner.Runner.runPickle(Runner.java:40)	 >>>>>> (Throwable.java:749)	13:47:33
		at cucumber.api.testng.TestNGCucumberRunner.runScenario(TestNGCucumberRunner.java:68)	 >>>>>> (Throwable.java:749)	13:47:33
		at com.zensar.runner.ProjectContact.feature(ProjectContact.java:37)	 >>>>>> (Throwable.java:749)	13:47:33
		at sun.reflect.NativeMethodAccessorImpl.invoke0(Native Method)	 >>>>>> (Throwable.java:749)	13:47:33
		at sun.reflect.NativeMethodAccessorImpl.invoke(NativeMethodAccessorImpl.java:62)	 >>>>>> (Throwable.java:749)	13:47:33
		at sun.reflect.DelegatingMethodAccessorImpl.invoke(DelegatingMethodAccessorImpl.java:43)	 >>>>>> (Throwable.java:749)	13:47:33
		at java.lang.reflect.Method.invoke(Method.java:498)	 >>>>>> (Throwable.java:749)	13:47:33
		at org.testng.internal.MethodInvocationHelper.invokeMethod(MethodInvocationHelper.java:124)	 >>>>>> (Throwable.java:749)	13:47:33
		at org.testng.internal.Invoker.invokeMethod(Invoker.java:583)	 >>>>>> (Throwable.java:749)	13:47:33
		at org.testng.internal.Invoker.invokeTestMethod(Invoker.java:719)	 >>>>>> (Throwable.java:749)	13:47:33
		at org.testng.internal.Invoker.invokeTestMethods(Invoker.java:989)	 >>>>>> (Throwable.java:749)	13:47:33
		at org.testng.internal.TestMethodWorker.invokeTestMethods(TestMethodWorker.java:125)	 >>>>>> (Throwable.java:749)	13:47:33
		at org.testng.internal.TestMethodWorker.run(TestMethodWorker.java:109)	 >>>>>> (Throwable.java:749)	13:47:33
		at org.testng.TestRunner.privateRun(TestRunner.java:648)	 >>>>>> (Throwable.java:749)	13:47:33
		at org.testng.TestRunner.run(TestRunner.java:505)	 >>>>>> (Throwable.java:749)	13:47:33
		at org.testng.SuiteRunner.runTest(SuiteRunner.java:455)	 >>>>>> (Throwable.java:749)	13:47:33
		at org.testng.SuiteRunner.access$000(SuiteRunner.java:40)	 >>>>>> (Throwable.java:749)	13:47:33
		at org.testng.SuiteRunner$SuiteWorker.run(SuiteRunner.java:489)	 >>>>>> (Throwable.java:749)	13:47:33
		at org.testng.internal.thread.ThreadUtil$1.call(ThreadUtil.java:52)	 >>>>>> (Throwable.java:749)	13:47:33
		at java.util.concurrent.FutureTask.run(FutureTask.java:266)	 >>>>>> (Throwable.java:749)	13:47:33
		at java.util.concurrent.ThreadPoolExecutor.runWorker(ThreadPoolExecutor.java:1149)	 >>>>>> (Throwable.java:749)	13:47:33
		at java.util.concurrent.ThreadPoolExecutor$Worker.run(ThreadPoolExecutor.java:624)	 >>>>>> (Throwable.java:749)	13:47:33
		at java.lang.Thread.run(Thread.java:748)	 >>>>>> (Throwable.java:749)	13:47:33
Caused by: java.lang.reflect.InvocationTargetException	 >>>>>> (Throwable.java:749)	13:47:33
	at sun.reflect.GeneratedMethodAccessor20.invoke(Unknown Source)	 >>>>>> (Throwable.java:749)	13:47:33
	at sun.reflect.DelegatingMethodAccessorImpl.invoke(DelegatingMethodAccessorImpl.java:43)	 >>>>>> (Throwable.java:749)	13:47:33
	at java.lang.reflect.Method.invoke(Method.java:498)	 >>>>>> (Throwable.java:749)	13:47:33
	at org.openqa.selenium.json.JsonOutput.convertUsingMethod(JsonOutput.java:328)	 >>>>>> (Throwable.java:749)	13:47:33
	at org.openqa.selenium.json.JsonOutput.lambda$new$16(JsonOutput.java:155)	 >>>>>> (Throwable.java:749)	13:47:33
	at org.openqa.selenium.json.JsonOutput.write(JsonOutput.java:264)	 >>>>>> (Throwable.java:749)	13:47:33
	at org.openqa.selenium.json.JsonOutput.lambda$null$21(JsonOutput.java:168)	 >>>>>> (Throwable.java:749)	13:47:33
	at java.util.LinkedHashMap$LinkedValues.forEach(LinkedHashMap.java:608)	 >>>>>> (Throwable.java:749)	13:47:33
	at org.openqa.selenium.json.JsonOutput.lambda$new$22(JsonOutput.java:168)	 >>>>>> (Throwable.java:749)	13:47:33
	at org.openqa.selenium.json.JsonOutput.write(JsonOutput.java:264)	 >>>>>> (Throwable.java:749)	13:47:33
	at org.openqa.selenium.json.JsonOutput.lambda$null$23(JsonOutput.java:177)	 >>>>>> (Throwable.java:749)	13:47:33
	at com.google.common.collect.SingletonImmutableBiMap.forEach(SingletonImmutableBiMap.java:65)	 >>>>>> (Throwable.java:749)	13:47:33
	at org.openqa.selenium.json.JsonOutput.lambda$new$24(JsonOutput.java:176)	 >>>>>> (Throwable.java:749)	13:47:33
	at org.openqa.selenium.json.JsonOutput.write(JsonOutput.java:264)	 >>>>>> (Throwable.java:749)	13:47:33
	at org.openqa.selenium.json.JsonOutput.write(JsonOutput.java:255)	 >>>>>> (Throwable.java:749)	13:47:33
[...]
	at java.util.LinkedHashMap$LinkedValues.forEach(LinkedHashMap.java:608)
	at org.openqa.selenium.json.JsonOutput.lambda$new$22(JsonOutput.java:168)
	at org.openqa.selenium.json.JsonOutput.write(JsonOutput.java:264)
	at org.openqa.selenium.json.JsonOutput.lambda$null$23(JsonOutput.java:177)
	at com.google.common.collect.SingletonImmutableBiMap.forEach(SingletonImmutableBiMap.java:65)
	at org.openqa.selenium.json.JsonOutput.lambda$new$24(JsonOutput.java:176)
	at org.openqa.selenium.json.JsonOutput.write(JsonOutput.java:264)
	at org.openqa.selenium.json.JsonOutput.write(JsonOutput.java:255)
	at org.openqa.selenium.json.Json.toJson(Json.java:42)
	at org.openqa.selenium.remote.http.AbstractHttpCommandCodec.encode(AbstractHttpCommandCodec.java:227)
	at org.openqa.selenium.remote.http.AbstractHttpCommandCodec.encode(AbstractHttpCommandCodec.java:117)
	at org.openqa.selenium.remote.HttpCommandExecutor.execute(HttpCommandExecutor.java:152)
	at org.openqa.selenium.remote.service.DriverCommandExecutor.execute(DriverCommandExecutor.java:83)
	at org.openqa.selenium.remote.RemoteWebDriver.execute(RemoteWebDriver.java:552)
	at org.openqa.selenium.remote.RemoteWebDriver.perform(RemoteWebDriver.java:618)
	at sun.reflect.GeneratedMethodAccessor19.invoke(Unknown Source)
	at sun.reflect.DelegatingMethodAccessorImpl.invoke(DelegatingMethodAccessorImpl.java:43)
	at java.lang.reflect.Method.invoke(Method.java:498)
	at org.openqa.selenium.support.events.EventFiringWebDriver.lambda$new$1(EventFiringWebDriver.java:105)
	at com.sun.proxy.$Proxy25.perform(Unknown Source)
	at org.openqa.selenium.support.events.EventFiringWebDriver.perform(EventFiringWebDriver.java:360)
	at org.openqa.selenium.interactions.Actions$BuiltAction.perform(Actions.java:639)
	at com.zensar.scriptutils.GlobalFunction.click(GlobalFunction.java:408)
	at com.zensar.pageobjects.ProjectContact.ISGContactAdd(ProjectContact.java:380)
	at com.zensar.stepDefinations.ActiveTransactionProjectContactStepDefinitions.add_Email_Address_ISG_Click_save_Contact(ActiveTransactionProjectContactStepDefinitions.java:168)
	at sun.reflect.NativeMethodAccessorImpl.invoke0(Native Method)
	at sun.reflect.NativeMethodAccessorImpl.invoke(NativeMethodAccessorImpl.java:62)
	at sun.reflect.DelegatingMethodAccessorImpl.invoke(DelegatingMethodAccessorImpl.java:43)
	at java.lang.reflect.Method.invoke(Method.java:498)
	at cucumber.runtime.Utils$1.call(Utils.java:26)
	at cucumber.runtime.Timeout.timeout(Timeout.java:16)
	at cucumber.runtime.Utils.invoke(Utils.java:20)
	at cucumber.runtime.java.JavaStepDefinition.execute(JavaStepDefinition.java:49)
	at cucumber.runner.PickleStepDefinitionMatch.runStep(PickleStepDefinitionMatch.java:50)
	at cucumber.runner.TestStep.executeStep(TestStep.java:63)
	at cucumber.runner.TestStep.run(TestStep.java:49)
	at cucumber.runner.PickleStepTestStep.run(PickleStepTestStep.java:43)
	at cucumber.runner.TestCase.run(TestCase.java:44)
	at cucumber.runner.Runner.runPickle(Runner.java:40)
	at cucumber.api.testng.TestNGCucumberRunner.runScenario(TestNGCucumberRunner.java:68)
	at com.zensar.runner.ProjectContact.feature(ProjectContact.java:37)
	at sun.reflect.NativeMethodAccessorImpl.invoke0(Native Method)
	at sun.reflect.NativeMethodAccessorImpl.invoke(NativeMethodAccessorImpl.java:62)
	at sun.reflect.DelegatingMethodAccessorImpl.invoke(DelegatingMethodAccessorImpl.java:43)
	at java.lang.reflect.Method.invoke(Method.java:498)
	at org.testng.internal.MethodInvocationHelper.invokeMethod(MethodInvocationHelper.java:124)
	at org.testng.internal.Invoker.invokeMethod(Invoker.java:583)
	at org.testng.internal.Invoker.invokeTestMethod(Invoker.java:719)
	at org.testng.internal.Invoker.invokeTestMethods(Invoker.java:989)
	at org.testng.internal.TestMethodWorker.invokeTestMethods(TestMethodWorker.java:125)
	at org.testng.internal.TestMethodWorker.run(TestMethodWorker.java:109)
	at org.testng.TestRunner.privateRun(TestRunner.java:648)
	at org.testng.TestRunner.run(TestRunner.java:505)
	at org.testng.SuiteRunner.runTest(SuiteRunner.java:455)
	at org.testng.SuiteRunner.access$000(SuiteRunner.java:40)
	at org.testng.SuiteRunner$SuiteWorker.run(SuiteRunner.java:489)
	at org.testng.internal.thread.ThreadUtil$1.call(ThreadUtil.java:52)
	at java.util.concurrent.FutureTask.run(FutureTask.java:266)
	at java.util.concurrent.ThreadPoolExecutor.runWorker(ThreadPoolExecutor.java:1149)
	at java.util.concurrent.ThreadPoolExecutor$Worker.run(ThreadPoolExecutor.java:624)
	at java.lang.Thread.run(Thread.java:748)
Caused by: org.openqa.selenium.NoSuchElementException: no such element: Unable to locate element: {"method":"xpath","selector":"//button[@class='btn primary-btn-large saveFormsDetails saveClientContact ng-star-inserted']"}
  (Session info: chrome=122.0.6261.112)
For documentation on this error, please visit: https://www.seleniumhq.org/exceptions/no_such_element.html
Build info: version: '3.141.59', revision: 'e82be7d358', time: '2018-11-14T08:17:03'
System info: host: 'EUROW42SLPC5721', ip: '192.168.29.116', os.name: 'Windows 10', os.arch: 'amd64', os.version: '10.0', java.version: '1.8.0_221'
Driver info: org.openqa.selenium.chrome.ChromeDriver
Capabilities {acceptInsecureCerts: false, browserName: chrome, browserVersion: 122.0.6261.112, chrome: {chromedriverVersion: 122.0.6261.111 (9d4c1072da6..., userDataDir: C:\Users\vs106039\AppData\L...}, fedcm:accounts: true, goog:chromeOptions: {debuggerAddress: localhost:56512}, javascriptEnabled: true, networkConnectionEnabled: false, pageLoadStrategy: normal, platform: WINDOWS, platformName: WINDOWS, proxy: Proxy(), setWindowRect: true, strictFileInteractability: false, timeouts: {implicit: 0, pageLoad: 300000, script: 30000}, unhandledPromptBehavior: dismiss and notify, webauthn:extension:credBlob: true, webauthn:extension:largeBlob: true, webauthn:extension:minPinLength: true, webauthn:extension:prf: true, webauthn:virtualAuthenticators: true}
Session ID: 57d2ffbfca20815e89a3be4a2db8ba3d
*** Element info: {Using=xpath, value=//button[@class='btn primary-btn-large saveFormsDetails saveClientContact ng-star-inserted']}
	at sun.reflect.GeneratedConstructorAccessor91.newInstance(Unknown Source)
	at sun.reflect.DelegatingConstructorAccessorImpl.newInstance(DelegatingConstructorAccessorImpl.java:45)
	at java.lang.reflect.Constructor.newInstance(Constructor.java:423)
	at org.openqa.selenium.remote.http.W3CHttpResponseCodec.createException(W3CHttpResponseCodec.java:187)
	at org.openqa.selenium.remote.http.W3CHttpResponseCodec.decode(W3CHttpResponseCodec.java:122)
	at org.openqa.selenium.remote.http.W3CHttpResponseCodec.decode(W3CHttpResponseCodec.java:49)
	at org.openqa.selenium.remote.HttpCommandExecutor.execute(HttpCommandExecutor.java:158)
	at org.openqa.selenium.remote.service.DriverCommandExecutor.execute(DriverCommandExecutor.java:83)
	at org.openqa.selenium.remote.RemoteWebDriver.execute(RemoteWebDriver.java:552)
	at org.openqa.selenium.remote.RemoteWebDriver.findElement(RemoteWebDriver.java:323)
	at org.openqa.selenium.remote.RemoteWebDriver.findElementByXPath(RemoteWebDriver.java:428)
	at org.openqa.selenium.By$ByXPath.findElement(By.java:353)
	at org.openqa.selenium.remote.RemoteWebDriver.findElement(RemoteWebDriver.java:315)
	at sun.reflect.GeneratedMethodAccessor8.invoke(Unknown Source)
	at sun.reflect.DelegatingMethodAccessorImpl.invoke(DelegatingMethodAccessorImpl.java:43)
	at java.lang.reflect.Method.invoke(Method.java:498)
	at org.openqa.selenium.support.events.EventFiringWebDriver.lambda$new$1(EventFiringWebDriver.java:105)
	at com.sun.proxy.$Proxy25.findElement(Unknown Source)
	at org.openqa.selenium.support.events.EventFiringWebDriver.findElement(EventFiringWebDriver.java:194)
	at org.openqa.selenium.support.pagefactory.DefaultElementLocator.findElement(DefaultElementLocator.java:69)
	at org.openqa.selenium.support.pagefactory.internal.LocatingElementHandler.invoke(LocatingElementHandler.java:38)
	at com.sun.proxy.$Proxy28.getWrappedElement(Unknown Source)
	at org.openqa.selenium.interactions.PointerInput$Origin.asArg(PointerInput.java:204)
	at org.openqa.selenium.interactions.PointerInput$Move.encode(PointerInput.java:155)
	at org.openqa.selenium.interactions.Sequence.encode(Sequence.java:75)
	at org.openqa.selenium.interactions.Sequence.toJson(Sequence.java:84)
	... 68 more
]]></system-err>
  </testcase>
  <testcase name="feature[com.zensar.scriptutils.PickleWrapper@6525e6db](12)" classname="com.zensar.runner.ProjectContact" time="83.315">
    <system-out><![CDATA[[INFO]	 Attempt 1 of 1 to execute 	 >>>>>> (ProjectContact.java:35)	13:46:9
Feature :	ProjectContact	 >>>>>> (ProjectContact.java:60)	13:46:9
Scenario :	Verify user can not add duplicate attorney	 >>>>>> (ProjectContact.java:61)	13:46:9
DataSetName :	AddContact
	 >>>>>> (ProjectContact.java:62)	13:46:9
SCENARIO STATE Init	 >>>>>> (Hooks.java:24)	13:46:9
Thread Local getDrive()	 >>>>>> (DriverHandler.java:87)	13:46:12
3 columns(s) affected	 >>>>>> (Connection.java:93)	13:46:12
1 row(s) affected	 >>>>>> (Connection.java:73)	13:46:12
1 row(s) affected	 >>>>>> (Connection.java:73)	13:46:12
1 row(s) affected	 >>>>>> (Connection.java:73)	13:46:12
BROWSER STACK SESSION : 	 >>>>>> (OutputSheetLogger.java:174)	13:46:12
Thread Local getDrive()	 >>>>>> (DriverHandler.java:87)	13:46:12
5e40194dc41079052767e1df7f835aa7	 >>>>>> (OutputSheetLogger.java:175)	13:46:12
Entered try in open	 >>>>>> (IsgLandingPage.java:145)	13:46:12
embedScreenshot	 >>>>>> (GlobalFunction.java:74)	13:46:16
highlightElement	 >>>>>> (GlobalFunction.java:74)	13:46:16
Thread Local getDrive()	 >>>>>> (DriverHandler.java:87)	13:46:16
unHighlightElement	 >>>>>> (GlobalFunction.java:74)	13:46:17
forceClick	 >>>>>> (GlobalFunction.java:74)	13:46:17
Clicked Login	 >>>>>> (IsgLandingPage.java:179)	13:46:18
username : NGS3@isg-one.com	 >>>>>> (IsgLandingPage.java:181)	13:46:23
password : T|2txZ>UJs	 >>>>>> (IsgLandingPage.java:183)	13:46:23
embedScreenshot	 >>>>>> (GlobalFunction.java:74)	13:46:23
highlightElement	 >>>>>> (GlobalFunction.java:74)	13:46:23
Thread Local getDrive()	 >>>>>> (DriverHandler.java:87)	13:46:23
unHighlightElement	 >>>>>> (GlobalFunction.java:74)	13:46:24
click	 >>>>>> (GlobalFunction.java:74)	13:46:24
isPresent	 >>>>>> (GlobalFunction.java:74)	13:46:24
Thread Local getDrive()	 >>>>>> (DriverHandler.java:87)	13:46:24
Thread Local getDrive()	 >>>>>> (DriverHandler.java:87)	13:46:24
Thread Local getDrive()	 >>>>>> (DriverHandler.java:87)	13:46:24
isPresent	 >>>>>> (GlobalFunction.java:74)	13:46:24
waitForElementClickabality	 >>>>>> (GlobalFunction.java:74)	13:46:25
getText	 >>>>>> (GlobalFunction.java:74)	13:46:40
Number of Active Transaction: Active transactions (2)	 >>>>>> (ProjectContact.java:113)	13:46:40
embedScreenshot	 >>>>>> (GlobalFunction.java:74)	13:46:40
Thread Local getDrive()	 >>>>>> (DriverHandler.java:87)	13:46:40
zAssertTrue	 >>>>>> (GlobalFunction.java:74)	13:46:40
waitForElement	 >>>>>> (GlobalFunction.java:74)	13:46:40
isPresent	 >>>>>> (GlobalFunction.java:74)	13:46:40
isPresent	 >>>>>> (GlobalFunction.java:74)	13:46:40
click	 >>>>>> (GlobalFunction.java:74)	13:46:50
embedScreenshot	 >>>>>> (GlobalFunction.java:74)	13:46:50
Thread Local getDrive()	 >>>>>> (DriverHandler.java:87)	13:46:50
waitForElement	 >>>>>> (GlobalFunction.java:74)	13:46:50
isPresent	 >>>>>> (GlobalFunction.java:74)	13:46:50
1
isPresent	 >>>>>> (GlobalFunction.java:74)	13:46:52
2
isPresent	 >>>>>> (GlobalFunction.java:74)	13:46:54
isPresent	 >>>>>> (GlobalFunction.java:74)	13:46:55
waitForceScrollClick	 >>>>>> (GlobalFunction.java:74)	13:47:0
waitForElement	 >>>>>> (GlobalFunction.java:74)	13:47:0
forceScrollToElement	 >>>>>> (GlobalFunction.java:74)	13:47:0
forceClick	 >>>>>> (GlobalFunction.java:74)	13:47:0
waitForElement	 >>>>>> (GlobalFunction.java:74)	13:47:1
isPresent	 >>>>>> (GlobalFunction.java:74)	13:47:1
1
isPresent	 >>>>>> (GlobalFunction.java:74)	13:47:3
2
isPresent	 >>>>>> (GlobalFunction.java:74)	13:47:5
isPresent	 >>>>>> (GlobalFunction.java:74)	13:47:5
click	 >>>>>> (GlobalFunction.java:74)	13:47:10
>>>ExcelInput  ProjectContact  - AddContact  - FirstName	 >>>>>> (ExcelInput.java:14)	13:47:16
Value:Himanshu	 >>>>>> (ExcelInput.java:22)	13:47:16
clearAndEnterText	 >>>>>> (GlobalFunction.java:74)	13:47:16
isPresent	 >>>>>> (GlobalFunction.java:74)	13:47:16
zAssertTrue	 >>>>>> (GlobalFunction.java:74)	13:47:16
>>>ExcelInput  ProjectContact  - AddContact  - LastName	 >>>>>> (ExcelInput.java:14)	13:47:21
Value:Upreti	 >>>>>> (ExcelInput.java:22)	13:47:21
clearAndEnterText	 >>>>>> (GlobalFunction.java:74)	13:47:21
embedScreenshot	 >>>>>> (GlobalFunction.java:74)	13:47:21
Thread Local getDrive()	 >>>>>> (DriverHandler.java:87)	13:47:21
isPresent	 >>>>>> (GlobalFunction.java:74)	13:47:21
zAssertTrue	 >>>>>> (GlobalFunction.java:74)	13:47:21
waitForElement	 >>>>>> (GlobalFunction.java:74)	13:47:21
isPresent	 >>>>>> (GlobalFunction.java:74)	13:47:21
isPresent	 >>>>>> (GlobalFunction.java:74)	13:47:21
>>>ExcelInput  ProjectContact  - AddContact  - ProjectRole	 >>>>>> (ExcelInput.java:14)	13:47:26
Value:Client team member	 >>>>>> (ExcelInput.java:22)	13:47:26
selectBoxByVisibleTextContains	 >>>>>> (GlobalFunction.java:74)	13:47:26
embedScreenshot	 >>>>>> (GlobalFunction.java:74)	13:47:26
Thread Local getDrive()	 >>>>>> (DriverHandler.java:87)	13:47:26
>>>ExcelInput  ProjectContact  - AddContact  - Attorney Email	 >>>>>> (ExcelInput.java:14)	13:47:32
Value:Tester@yopmail.com	 >>>>>> (ExcelInput.java:22)	13:47:32
clearAndEnterText	 >>>>>> (GlobalFunction.java:74)	13:47:32
embedScreenshot	 >>>>>> (GlobalFunction.java:74)	13:47:32
Thread Local getDrive()	 >>>>>> (DriverHandler.java:87)	13:47:32
isPresent	 >>>>>> (GlobalFunction.java:74)	13:47:32
zAssertTrue	 >>>>>> (GlobalFunction.java:74)	13:47:32
click	 >>>>>> (GlobalFunction.java:74)	13:47:32
zAssertTrueAndTakeScreenshot	 >>>>>> (GlobalFunction.java:74)	13:47:33
embedScreenshot	 >>>>>> (GlobalFunction.java:74)	13:47:33
Thread Local getDrive()	 >>>>>> (DriverHandler.java:87)	13:47:33
1 row(s) affected	 >>>>>> (Connection.java:73)	13:47:33
1 row(s) affected	 >>>>>> (Connection.java:73)	13:47:33
1 row(s) affected	 >>>>>> (Connection.java:73)	13:47:33
[INFO]	 Attempt 1 of 1 to execute  [PASSED]	 >>>>>> (ProjectContact.java:38)	13:47:33
Feature :	ProjectContact	 >>>>>> (ProjectContact.java:60)	13:47:33
Scenario :	Verify user can not add duplicate attorney	 >>>>>> (ProjectContact.java:61)	13:47:33
DataSetName :	AddContact
	 >>>>>> (ProjectContact.java:62)	13:47:33
]]></system-out>
    <system-err><![CDATA[[ERROR] Problem while finding out runner name
java.lang.NullPointerException
	at com.zensar.scriptutils.ScenarioState.<init>(ScenarioState.java:56)
	at sun.reflect.GeneratedConstructorAccessor134.newInstance(Unknown Source)
	at sun.reflect.DelegatingConstructorAccessorImpl.newInstance(DelegatingConstructorAccessorImpl.java:45)
	at java.lang.reflect.Constructor.newInstance(Constructor.java:423)
	at org.picocontainer.injectors.AbstractInjector.newInstance(AbstractInjector.java:145)
	at org.picocontainer.injectors.ConstructorInjector$1.run(ConstructorInjector.java:342)
	at org.picocontainer.injectors.AbstractInjector$ThreadLocalCyclicDependencyGuard.observe(AbstractInjector.java:270)
	at org.picocontainer.injectors.ConstructorInjector.getComponentInstance(ConstructorInjector.java:364)
	at org.picocontainer.injectors.AbstractInjectionFactory$LifecycleAdapter.getComponentInstance(AbstractInjectionFactory.java:56)
	at org.picocontainer.behaviors.AbstractBehavior.getComponentInstance(AbstractBehavior.java:64)
	at org.picocontainer.behaviors.Stored.getComponentInstance(Stored.java:91)
	at org.picocontainer.DefaultPicoContainer.getInstance(DefaultPicoContainer.java:699)
	at org.picocontainer.DefaultPicoContainer.getComponent(DefaultPicoContainer.java:647)
	at org.picocontainer.DefaultPicoContainer.getComponent(DefaultPicoContainer.java:632)
	at org.picocontainer.parameters.BasicComponentParameter$1.resolveInstance(BasicComponentParameter.java:118)
	at org.picocontainer.parameters.ComponentParameter$1.resolveInstance(ComponentParameter.java:136)
	at org.picocontainer.injectors.SingleMemberInjector.getParameter(SingleMemberInjector.java:78)
	at org.picocontainer.injectors.ConstructorInjector$CtorAndAdapters.getParameterArguments(ConstructorInjector.java:309)
	at org.picocontainer.injectors.ConstructorInjector$1.run(ConstructorInjector.java:335)
	at org.picocontainer.injectors.AbstractInjector$ThreadLocalCyclicDependencyGuard.observe(AbstractInjector.java:270)
	at org.picocontainer.injectors.ConstructorInjector.getComponentInstance(ConstructorInjector.java:364)
	at org.picocontainer.injectors.AbstractInjectionFactory$LifecycleAdapter.getComponentInstance(AbstractInjectionFactory.java:56)
	at org.picocontainer.behaviors.AbstractBehavior.getComponentInstance(AbstractBehavior.java:64)
	at org.picocontainer.behaviors.Stored.getComponentInstance(Stored.java:91)
	at org.picocontainer.DefaultPicoContainer.getInstance(DefaultPicoContainer.java:699)
	at org.picocontainer.DefaultPicoContainer.getComponent(DefaultPicoContainer.java:647)
	at org.picocontainer.DefaultPicoContainer.getComponent(DefaultPicoContainer.java:678)
	at cucumber.runtime.java.picocontainer.PicoFactory.getInstance(PicoFactory.java:40)
	at cucumber.runtime.java.JavaHookDefinition.execute(JavaHookDefinition.java:60)
	at cucumber.runner.HookDefinitionMatch.runStep(HookDefinitionMatch.java:16)
	at cucumber.runner.TestStep.executeStep(TestStep.java:63)
	at cucumber.runner.TestStep.run(TestStep.java:49)
	at cucumber.runner.TestCase.run(TestCase.java:40)
	at cucumber.runner.Runner.runPickle(Runner.java:40)
	at cucumber.api.testng.TestNGCucumberRunner.runScenario(TestNGCucumberRunner.java:68)
	at com.zensar.runner.ProjectContact.feature(ProjectContact.java:37)
	at sun.reflect.NativeMethodAccessorImpl.invoke0(Native Method)
	at sun.reflect.NativeMethodAccessorImpl.invoke(NativeMethodAccessorImpl.java:62)
	at sun.reflect.DelegatingMethodAccessorImpl.invoke(DelegatingMethodAccessorImpl.java:43)
	at java.lang.reflect.Method.invoke(Method.java:498)
	at org.testng.internal.MethodInvocationHelper.invokeMethod(MethodInvocationHelper.java:124)
	at org.testng.internal.Invoker.invokeMethod(Invoker.java:583)
	at org.testng.internal.Invoker.invokeTestMethod(Invoker.java:719)
	at org.testng.internal.Invoker.invokeTestMethods(Invoker.java:989)
	at org.testng.internal.TestMethodWorker.invokeTestMethods(TestMethodWorker.java:125)
	at org.testng.internal.TestMethodWorker.run(TestMethodWorker.java:109)
	at org.testng.TestRunner.privateRun(TestRunner.java:648)
	at org.testng.TestRunner.run(TestRunner.java:505)
	at org.testng.SuiteRunner.runTest(SuiteRunner.java:455)
	at org.testng.SuiteRunner.access$000(SuiteRunner.java:40)
	at org.testng.SuiteRunner$SuiteWorker.run(SuiteRunner.java:489)
	at org.testng.internal.thread.ThreadUtil$1.call(ThreadUtil.java:52)
	at java.util.concurrent.FutureTask.run(FutureTask.java:266)
	at java.util.concurrent.ThreadPoolExecutor.runWorker(ThreadPoolExecutor.java:1149)
	at java.util.concurrent.ThreadPoolExecutor$Worker.run(ThreadPoolExecutor.java:624)
	at java.lang.Thread.run(Thread.java:748)
1700557 [TestNG-tests-3] INFO io.github.bonigarcia.wdm.WebDriverManager - Using chromedriver 122.0.6261.111 (resolved driver for Chrome 122)
1700568 [TestNG-tests-3] INFO io.github.bonigarcia.wdm.WebDriverManager - Exporting webdriver.chrome.driver as C:\Users\vs106039\.cache\selenium\chromedriver\win64\122.0.6261.111\chromedriver.exe
Starting ChromeDriver 122.0.6261.111 (9d4c1072da62b411b351a38b9ed6214ab236aa7b-refs/branch-heads/6261@{#1015}) on port 36057
Only local connections are allowed.
Please see https://chromedriver.chromium.org/security-considerations for suggestions on keeping ChromeDriver safe.
ChromeDriver was started successfully.
Mar 12, 2024 1:46:11 PM org.openqa.selenium.remote.ProtocolHandshake createSession
INFO: Detected dialect: W3C
]]></system-err>
  </testcase>
</testsuite>