<?xml version="1.0" encoding="UTF-8"?>
<testng-results skipped="0" failed="0" ignored="0" total="43" passed="43">
  <reporter-output>
  </reporter-output>
  <suite name="Run1" duration-ms="1785956" started-at="2024-03-12T07:47:48Z" finished-at="2024-03-12T08:17:33Z">
    <groups>
      <group name="cucumber">
        <method signature="Debugger.feature(com.zensar.scriptutils.PickleWrapper)[pri:0, instance:com.zensar.runner.Debugger@631330c]" name="feature" class="com.zensar.runner.Debugger"/>
        <method signature="SetupProject.feature(com.zensar.scriptutils.PickleWrapper)[pri:0, instance:com.zensar.runner.SetupProject@3e57cd70]" name="feature" class="com.zensar.runner.SetupProject"/>
        <method signature="TestRunner1.feature(com.zensar.scriptutils.PickleWrapper)[pri:0, instance:com.zensar.runner.TestRunner1@6b9651f3]" name="feature" class="com.zensar.runner.TestRunner1"/>
        <method signature="TestRunner2.feature(com.zensar.scriptutils.PickleWrapper)[pri:0, instance:com.zensar.runner.TestRunner2@e874448]" name="feature" class="com.zensar.runner.TestRunner2"/>
        <method signature="TestRunner3.feature(com.zensar.scriptutils.PickleWrapper)[pri:0, instance:com.zensar.runner.TestRunner3@cb51256]" name="feature" class="com.zensar.runner.TestRunner3"/>
        <method signature="ActiveTransaction.feature(com.zensar.scriptutils.PickleWrapper)[pri:0, instance:com.zensar.runner.ActiveTransaction@670b40af]" name="feature" class="com.zensar.runner.ActiveTransaction"/>
        <method signature="ActiveTransactionProjectContact.feature(com.zensar.scriptutils.PickleWrapper)[pri:0, instance:com.zensar.runner.ActiveTransactionProjectContact@371a67ec]" name="feature" class="com.zensar.runner.ActiveTransactionProjectContact"/>
        <method signature="ActiveTransactionProviderList.feature(com.zensar.scriptutils.PickleWrapper)[pri:0, instance:com.zensar.runner.ActiveTransactionProviderList@63440df3]" name="feature" class="com.zensar.runner.ActiveTransactionProviderList"/>
        <method signature="ActiveTransactionScopeBuilder.feature(com.zensar.scriptutils.PickleWrapper)[pri:0, instance:com.zensar.runner.ActiveTransactionScopeBuilder@4eb7f003]" name="feature" class="com.zensar.runner.ActiveTransactionScopeBuilder"/>
        <method signature="CloseTransaction.feature(com.zensar.scriptutils.PickleWrapper)[pri:0, instance:com.zensar.runner.CloseTransaction@1b26f7b2]" name="feature" class="com.zensar.runner.CloseTransaction"/>
        <method signature="Sanity.feature(com.zensar.scriptutils.PickleWrapper)[pri:0, instance:com.zensar.runner.Sanity@4a87761d]" name="feature" class="com.zensar.runner.Sanity"/>
        <method signature="Regression.feature(com.zensar.scriptutils.PickleWrapper)[pri:0, instance:com.zensar.runner.Regression@b7dd107]" name="feature" class="com.zensar.runner.Regression"/>
        <method signature="ProjectContact.feature(com.zensar.scriptutils.PickleWrapper)[pri:0, instance:com.zensar.runner.ProjectContact@43bd930a]" name="feature" class="com.zensar.runner.ProjectContact"/>
      </group> <!-- cucumber -->
    </groups>
    <test name="Runner 4" duration-ms="2" started-at="2024-03-12T07:47:48Z" finished-at="2024-03-12T07:47:48Z">
      <class name="com.zensar.runner.InitializeExecution">
        <test-method status="PASS" signature="initializeExecutionModel()[pri:0, instance:com.zensar.runner.InitializeExecution@fad74ee]" name="initializeExecutionModel" is-config="true" duration-ms="1" started-at="2024-03-12T07:47:48Z" finished-at="2024-03-12T07:47:48Z">
          <reporter-output>
          </reporter-output>
        </test-method> <!-- initializeExecutionModel -->
        <test-method status="PASS" signature="stub()[pri:0, instance:com.zensar.runner.InitializeExecution@fad74ee]" name="stub" duration-ms="0" started-at="2024-03-12T07:47:48Z" finished-at="2024-03-12T07:47:48Z">
          <reporter-output>
          </reporter-output>
        </test-method> <!-- stub -->
      </class> <!-- com.zensar.runner.InitializeExecution -->
    </test> <!-- Runner 4 -->
    <test name="Runner 2" duration-ms="1022" started-at="2024-03-12T07:47:48Z" finished-at="2024-03-12T07:47:49Z">
      <class name="com.zensar.runner.Debugger">
        <test-method status="PASS" signature="setUpClass(java.lang.String)[pri:0, instance:com.zensar.runner.Debugger@631330c]" name="setUpClass" is-config="true" duration-ms="151" started-at="2024-03-12T07:47:48Z" finished-at="2024-03-12T07:47:48Z">
          <params>
            <param index="0">
              <value>
                <![CDATA[not @42]]>
              </value>
            </param>
          </params>
          <reporter-output>
          </reporter-output>
        </test-method> <!-- setUpClass -->
        <test-method status="PASS" signature="tearDownClass()[pri:0, instance:com.zensar.runner.Debugger@631330c]" name="tearDownClass" is-config="true" duration-ms="11" started-at="2024-03-12T07:47:49Z" finished-at="2024-03-12T07:47:49Z">
          <reporter-output>
          </reporter-output>
        </test-method> <!-- tearDownClass -->
        <test-method status="PASS" signature="teardown()[pri:0, instance:com.zensar.runner.Debugger@631330c]" name="teardown" is-config="true" duration-ms="1" started-at="2024-03-12T07:47:49Z" finished-at="2024-03-12T07:47:49Z">
          <reporter-output>
          </reporter-output>
        </test-method> <!-- teardown -->
      </class> <!-- com.zensar.runner.Debugger -->
    </test> <!-- Runner 2 -->
    <test name="Runner 6" duration-ms="32" started-at="2024-03-12T07:47:49Z" finished-at="2024-03-12T07:47:49Z">
      <class name="com.zensar.runner.TestRunner1">
        <test-method status="PASS" signature="setUpClass(java.lang.String)[pri:0, instance:com.zensar.runner.TestRunner1@6b9651f3]" name="setUpClass" is-config="true" duration-ms="8" started-at="2024-03-12T07:47:49Z" finished-at="2024-03-12T07:47:49Z">
          <params>
            <param index="0">
              <value>
                <![CDATA[not @42]]>
              </value>
            </param>
          </params>
          <reporter-output>
          </reporter-output>
        </test-method> <!-- setUpClass -->
        <test-method status="PASS" signature="tearDownClass()[pri:0, instance:com.zensar.runner.TestRunner1@6b9651f3]" name="tearDownClass" is-config="true" duration-ms="3" started-at="2024-03-12T07:47:49Z" finished-at="2024-03-12T07:47:49Z">
          <reporter-output>
          </reporter-output>
        </test-method> <!-- tearDownClass -->
        <test-method status="PASS" signature="teardown()[pri:0, instance:com.zensar.runner.TestRunner1@6b9651f3]" name="teardown" is-config="true" duration-ms="0" started-at="2024-03-12T07:47:49Z" finished-at="2024-03-12T07:47:49Z">
          <reporter-output>
          </reporter-output>
        </test-method> <!-- teardown -->
      </class> <!-- com.zensar.runner.TestRunner1 -->
    </test> <!-- Runner 6 -->
    <test name="Runner 7" duration-ms="47" started-at="2024-03-12T07:47:49Z" finished-at="2024-03-12T07:47:49Z">
      <class name="com.zensar.runner.TestRunner2">
        <test-method status="PASS" signature="setUpClass(java.lang.String)[pri:0, instance:com.zensar.runner.TestRunner2@e874448]" name="setUpClass" is-config="true" duration-ms="7" started-at="2024-03-12T07:47:49Z" finished-at="2024-03-12T07:47:49Z">
          <params>
            <param index="0">
              <value>
                <![CDATA[not @42]]>
              </value>
            </param>
          </params>
          <reporter-output>
          </reporter-output>
        </test-method> <!-- setUpClass -->
        <test-method status="PASS" signature="tearDownClass()[pri:0, instance:com.zensar.runner.TestRunner2@e874448]" name="tearDownClass" is-config="true" duration-ms="4" started-at="2024-03-12T07:47:49Z" finished-at="2024-03-12T07:47:49Z">
          <reporter-output>
          </reporter-output>
        </test-method> <!-- tearDownClass -->
        <test-method status="PASS" signature="teardown()[pri:0, instance:com.zensar.runner.TestRunner2@e874448]" name="teardown" is-config="true" duration-ms="0" started-at="2024-03-12T07:47:49Z" finished-at="2024-03-12T07:47:49Z">
          <reporter-output>
          </reporter-output>
        </test-method> <!-- teardown -->
      </class> <!-- com.zensar.runner.TestRunner2 -->
    </test> <!-- Runner 7 -->
    <test name="Runner 8" duration-ms="18" started-at="2024-03-12T07:47:49Z" finished-at="2024-03-12T07:47:49Z">
      <class name="com.zensar.runner.TestRunner3">
        <test-method status="PASS" signature="setUpClass(java.lang.String)[pri:0, instance:com.zensar.runner.TestRunner3@cb51256]" name="setUpClass" is-config="true" duration-ms="4" started-at="2024-03-12T07:47:49Z" finished-at="2024-03-12T07:47:49Z">
          <params>
            <param index="0">
              <value>
                <![CDATA[not @42]]>
              </value>
            </param>
          </params>
          <reporter-output>
          </reporter-output>
        </test-method> <!-- setUpClass -->
        <test-method status="PASS" signature="tearDownClass()[pri:0, instance:com.zensar.runner.TestRunner3@cb51256]" name="tearDownClass" is-config="true" duration-ms="1" started-at="2024-03-12T07:47:49Z" finished-at="2024-03-12T07:47:49Z">
          <reporter-output>
          </reporter-output>
        </test-method> <!-- tearDownClass -->
        <test-method status="PASS" signature="teardown()[pri:0, instance:com.zensar.runner.TestRunner3@cb51256]" name="teardown" is-config="true" duration-ms="0" started-at="2024-03-12T07:47:49Z" finished-at="2024-03-12T07:47:49Z">
          <reporter-output>
          </reporter-output>
        </test-method> <!-- teardown -->
      </class> <!-- com.zensar.runner.TestRunner3 -->
    </test> <!-- Runner 8 -->
    <test name="Runner 1" duration-ms="1482" started-at="2024-03-12T07:47:48Z" finished-at="2024-03-12T07:47:49Z">
      <class name="com.zensar.runner.ConcludeExecution">
        <test-method status="PASS" signature="stub()[pri:0, instance:com.zensar.runner.ConcludeExecution@1563da5]" name="stub" duration-ms="0" started-at="2024-03-12T07:47:48Z" finished-at="2024-03-12T07:47:48Z">
          <reporter-output>
          </reporter-output>
        </test-method> <!-- stub -->
        <test-method status="PASS" signature="endExecution()[pri:0, instance:com.zensar.runner.ConcludeExecution@1563da5]" name="endExecution" is-config="true" duration-ms="1482" started-at="2024-03-12T07:47:48Z" finished-at="2024-03-12T07:47:49Z">
          <reporter-output>
          </reporter-output>
        </test-method> <!-- endExecution -->
      </class> <!-- com.zensar.runner.ConcludeExecution -->
    </test> <!-- Runner 1 -->
    <test name="Runner 10" duration-ms="271937" started-at="2024-03-12T07:47:49Z" finished-at="2024-03-12T07:52:21Z">
      <class name="com.zensar.runner.ActiveTransactionProjectContact">
        <test-method status="PASS" signature="setUpClass(java.lang.String)[pri:0, instance:com.zensar.runner.ActiveTransactionProjectContact@371a67ec]" name="setUpClass" is-config="true" duration-ms="6" started-at="2024-03-12T07:47:49Z" finished-at="2024-03-12T07:47:49Z">
          <params>
            <param index="0">
              <value>
                <![CDATA[not @42]]>
              </value>
            </param>
          </params>
          <reporter-output>
          </reporter-output>
        </test-method> <!-- setUpClass -->
        <test-method status="PASS" signature="feature(com.zensar.scriptutils.PickleWrapper)[pri:0, instance:com.zensar.runner.ActiveTransactionProjectContact@371a67ec]" name="feature" duration-ms="71959" started-at="2024-03-12T07:47:49Z" description="Cucmber Scenarios" data-provider="scenarios" finished-at="2024-03-12T07:49:01Z">
          <params>
            <param index="0">
              <value>
                <![CDATA[com.zensar.scriptutils.PickleWrapper@4f153304]]>
              </value>
            </param>
          </params>
          <reporter-output>
          </reporter-output>
        </test-method> <!-- feature -->
        <test-method status="PASS" signature="feature(com.zensar.scriptutils.PickleWrapper)[pri:0, instance:com.zensar.runner.ActiveTransactionProjectContact@371a67ec]" name="feature" duration-ms="67871" started-at="2024-03-12T07:49:01Z" description="Cucmber Scenarios" data-provider="scenarios" finished-at="2024-03-12T07:50:09Z">
          <params>
            <param index="0">
              <value>
                <![CDATA[com.zensar.scriptutils.PickleWrapper@4f44544b]]>
              </value>
            </param>
          </params>
          <reporter-output>
          </reporter-output>
        </test-method> <!-- feature -->
        <test-method status="PASS" signature="feature(com.zensar.scriptutils.PickleWrapper)[pri:0, instance:com.zensar.runner.ActiveTransactionProjectContact@371a67ec]" name="feature" duration-ms="66907" started-at="2024-03-12T07:50:09Z" description="Cucmber Scenarios" data-provider="scenarios" finished-at="2024-03-12T07:51:16Z">
          <params>
            <param index="0">
              <value>
                <![CDATA[com.zensar.scriptutils.PickleWrapper@7c29ac31]]>
              </value>
            </param>
          </params>
          <reporter-output>
          </reporter-output>
        </test-method> <!-- feature -->
        <test-method status="PASS" signature="feature(com.zensar.scriptutils.PickleWrapper)[pri:0, instance:com.zensar.runner.ActiveTransactionProjectContact@371a67ec]" name="feature" duration-ms="64851" started-at="2024-03-12T07:51:16Z" description="Cucmber Scenarios" data-provider="scenarios" finished-at="2024-03-12T07:52:21Z">
          <params>
            <param index="0">
              <value>
                <![CDATA[com.zensar.scriptutils.PickleWrapper@34c6ae68]]>
              </value>
            </param>
          </params>
          <reporter-output>
          </reporter-output>
        </test-method> <!-- feature -->
        <test-method status="PASS" signature="tearDownClass()[pri:0, instance:com.zensar.runner.ActiveTransactionProjectContact@371a67ec]" name="tearDownClass" is-config="true" duration-ms="318" started-at="2024-03-12T07:52:21Z" finished-at="2024-03-12T07:52:21Z">
          <reporter-output>
          </reporter-output>
        </test-method> <!-- tearDownClass -->
        <test-method status="PASS" signature="teardown()[pri:0, instance:com.zensar.runner.ActiveTransactionProjectContact@371a67ec]" name="teardown" is-config="true" duration-ms="0" started-at="2024-03-12T07:52:21Z" finished-at="2024-03-12T07:52:21Z">
          <reporter-output>
          </reporter-output>
        </test-method> <!-- teardown -->
      </class> <!-- com.zensar.runner.ActiveTransactionProjectContact -->
    </test> <!-- Runner 10 -->
    <test name="Runner 5" duration-ms="376508" started-at="2024-03-12T07:47:48Z" finished-at="2024-03-12T07:54:04Z">
      <class name="com.zensar.runner.SetupProject">
        <test-method status="PASS" signature="setUpClass(java.lang.String)[pri:0, instance:com.zensar.runner.SetupProject@3e57cd70]" name="setUpClass" is-config="true" duration-ms="139" started-at="2024-03-12T07:47:48Z" finished-at="2024-03-12T07:47:48Z">
          <params>
            <param index="0">
              <value>
                <![CDATA[not @42]]>
              </value>
            </param>
          </params>
          <reporter-output>
          </reporter-output>
        </test-method> <!-- setUpClass -->
        <test-method status="PASS" signature="feature(com.zensar.scriptutils.PickleWrapper)[pri:0, instance:com.zensar.runner.SetupProject@3e57cd70]" name="feature" duration-ms="56411" started-at="2024-03-12T07:47:49Z" description="Cucmber Scenarios" data-provider="scenarios" finished-at="2024-03-12T07:48:45Z">
          <params>
            <param index="0">
              <value>
                <![CDATA[com.zensar.scriptutils.PickleWrapper@2febb4d]]>
              </value>
            </param>
          </params>
          <reporter-output>
          </reporter-output>
        </test-method> <!-- feature -->
        <test-method status="PASS" signature="feature(com.zensar.scriptutils.PickleWrapper)[pri:0, instance:com.zensar.runner.SetupProject@3e57cd70]" name="feature" duration-ms="52603" started-at="2024-03-12T07:48:45Z" description="Cucmber Scenarios" data-provider="scenarios" finished-at="2024-03-12T07:49:38Z">
          <params>
            <param index="0">
              <value>
                <![CDATA[com.zensar.scriptutils.PickleWrapper@4a49cddb]]>
              </value>
            </param>
          </params>
          <reporter-output>
          </reporter-output>
        </test-method> <!-- feature -->
        <test-method status="PASS" signature="feature(com.zensar.scriptutils.PickleWrapper)[pri:0, instance:com.zensar.runner.SetupProject@3e57cd70]" name="feature" duration-ms="68352" started-at="2024-03-12T07:49:38Z" description="Cucmber Scenarios" data-provider="scenarios" finished-at="2024-03-12T07:50:46Z">
          <params>
            <param index="0">
              <value>
                <![CDATA[com.zensar.scriptutils.PickleWrapper@1a4c3bb0]]>
              </value>
            </param>
          </params>
          <reporter-output>
          </reporter-output>
        </test-method> <!-- feature -->
        <test-method status="PASS" signature="feature(com.zensar.scriptutils.PickleWrapper)[pri:0, instance:com.zensar.runner.SetupProject@3e57cd70]" name="feature" duration-ms="58009" started-at="2024-03-12T07:50:46Z" description="Cucmber Scenarios" data-provider="scenarios" finished-at="2024-03-12T07:51:44Z">
          <params>
            <param index="0">
              <value>
                <![CDATA[com.zensar.scriptutils.PickleWrapper@497dcaa1]]>
              </value>
            </param>
          </params>
          <reporter-output>
          </reporter-output>
        </test-method> <!-- feature -->
        <test-method status="PASS" signature="feature(com.zensar.scriptutils.PickleWrapper)[pri:0, instance:com.zensar.runner.SetupProject@3e57cd70]" name="feature" duration-ms="55656" started-at="2024-03-12T07:51:44Z" description="Cucmber Scenarios" data-provider="scenarios" finished-at="2024-03-12T07:52:40Z">
          <params>
            <param index="0">
              <value>
                <![CDATA[com.zensar.scriptutils.PickleWrapper@51bd1912]]>
              </value>
            </param>
          </params>
          <reporter-output>
          </reporter-output>
        </test-method> <!-- feature -->
        <test-method status="PASS" signature="feature(com.zensar.scriptutils.PickleWrapper)[pri:0, instance:com.zensar.runner.SetupProject@3e57cd70]" name="feature" duration-ms="54977" started-at="2024-03-12T07:52:40Z" description="Cucmber Scenarios" data-provider="scenarios" finished-at="2024-03-12T07:53:35Z">
          <params>
            <param index="0">
              <value>
                <![CDATA[com.zensar.scriptutils.PickleWrapper@35c85045]]>
              </value>
            </param>
          </params>
          <reporter-output>
          </reporter-output>
        </test-method> <!-- feature -->
        <test-method status="PASS" signature="feature(com.zensar.scriptutils.PickleWrapper)[pri:0, instance:com.zensar.runner.SetupProject@3e57cd70]" name="feature" duration-ms="28869" started-at="2024-03-12T07:53:35Z" description="Cucmber Scenarios" data-provider="scenarios" finished-at="2024-03-12T07:54:03Z">
          <params>
            <param index="0">
              <value>
                <![CDATA[com.zensar.scriptutils.PickleWrapper@741f4272]]>
              </value>
            </param>
          </params>
          <reporter-output>
          </reporter-output>
        </test-method> <!-- feature -->
        <test-method status="PASS" signature="tearDownClass()[pri:0, instance:com.zensar.runner.SetupProject@3e57cd70]" name="tearDownClass" is-config="true" duration-ms="624" started-at="2024-03-12T07:54:03Z" finished-at="2024-03-12T07:54:04Z">
          <reporter-output>
          </reporter-output>
        </test-method> <!-- tearDownClass -->
        <test-method status="PASS" signature="teardown()[pri:0, instance:com.zensar.runner.SetupProject@3e57cd70]" name="teardown" is-config="true" duration-ms="0" started-at="2024-03-12T07:54:04Z" finished-at="2024-03-12T07:54:04Z">
          <reporter-output>
          </reporter-output>
        </test-method> <!-- teardown -->
      </class> <!-- com.zensar.runner.SetupProject -->
    </test> <!-- Runner 5 -->
    <test name="Runner 9" duration-ms="602490" started-at="2024-03-12T07:47:49Z" finished-at="2024-03-12T07:57:51Z">
      <class name="com.zensar.runner.ActiveTransaction">
        <test-method status="PASS" signature="setUpClass(java.lang.String)[pri:0, instance:com.zensar.runner.ActiveTransaction@670b40af]" name="setUpClass" is-config="true" duration-ms="6" started-at="2024-03-12T07:47:49Z" finished-at="2024-03-12T07:47:49Z">
          <params>
            <param index="0">
              <value>
                <![CDATA[not @42]]>
              </value>
            </param>
          </params>
          <reporter-output>
          </reporter-output>
        </test-method> <!-- setUpClass -->
        <test-method status="PASS" signature="feature(com.zensar.scriptutils.PickleWrapper)[pri:0, instance:com.zensar.runner.ActiveTransaction@670b40af]" name="feature" duration-ms="78214" started-at="2024-03-12T07:47:49Z" description="Cucmber Scenarios" data-provider="scenarios" finished-at="2024-03-12T07:49:07Z">
          <params>
            <param index="0">
              <value>
                <![CDATA[com.zensar.scriptutils.PickleWrapper@65ff8317]]>
              </value>
            </param>
          </params>
          <reporter-output>
          </reporter-output>
        </test-method> <!-- feature -->
        <test-method status="PASS" signature="feature(com.zensar.scriptutils.PickleWrapper)[pri:0, instance:com.zensar.runner.ActiveTransaction@670b40af]" name="feature" duration-ms="93950" started-at="2024-03-12T07:49:07Z" description="Cucmber Scenarios" data-provider="scenarios" finished-at="2024-03-12T07:50:41Z">
          <params>
            <param index="0">
              <value>
                <![CDATA[com.zensar.scriptutils.PickleWrapper@4a4157ce]]>
              </value>
            </param>
          </params>
          <reporter-output>
          </reporter-output>
        </test-method> <!-- feature -->
        <test-method status="PASS" signature="feature(com.zensar.scriptutils.PickleWrapper)[pri:0, instance:com.zensar.runner.ActiveTransaction@670b40af]" name="feature" duration-ms="180700" started-at="2024-03-12T07:50:41Z" description="Cucmber Scenarios" data-provider="scenarios" finished-at="2024-03-12T07:53:42Z">
          <params>
            <param index="0">
              <value>
                <![CDATA[com.zensar.scriptutils.PickleWrapper@286ca260]]>
              </value>
            </param>
          </params>
          <reporter-output>
          </reporter-output>
        </test-method> <!-- feature -->
        <test-method status="PASS" signature="feature(com.zensar.scriptutils.PickleWrapper)[pri:0, instance:com.zensar.runner.ActiveTransaction@670b40af]" name="feature" duration-ms="130828" started-at="2024-03-12T07:53:42Z" description="Cucmber Scenarios" data-provider="scenarios" finished-at="2024-03-12T07:55:52Z">
          <params>
            <param index="0">
              <value>
                <![CDATA[com.zensar.scriptutils.PickleWrapper@6e3d071a]]>
              </value>
            </param>
          </params>
          <reporter-output>
          </reporter-output>
        </test-method> <!-- feature -->
        <test-method status="PASS" signature="feature(com.zensar.scriptutils.PickleWrapper)[pri:0, instance:com.zensar.runner.ActiveTransaction@670b40af]" name="feature" duration-ms="118497" started-at="2024-03-12T07:55:52Z" description="Cucmber Scenarios" data-provider="scenarios" finished-at="2024-03-12T07:57:51Z">
          <params>
            <param index="0">
              <value>
                <![CDATA[com.zensar.scriptutils.PickleWrapper@701dcff1]]>
              </value>
            </param>
          </params>
          <reporter-output>
          </reporter-output>
        </test-method> <!-- feature -->
        <test-method status="PASS" signature="tearDownClass()[pri:0, instance:com.zensar.runner.ActiveTransaction@670b40af]" name="tearDownClass" is-config="true" duration-ms="269" started-at="2024-03-12T07:57:51Z" finished-at="2024-03-12T07:57:51Z">
          <reporter-output>
          </reporter-output>
        </test-method> <!-- tearDownClass -->
        <test-method status="PASS" signature="teardown()[pri:0, instance:com.zensar.runner.ActiveTransaction@670b40af]" name="teardown" is-config="true" duration-ms="0" started-at="2024-03-12T07:57:51Z" finished-at="2024-03-12T07:57:51Z">
          <reporter-output>
          </reporter-output>
        </test-method> <!-- teardown -->
      </class> <!-- com.zensar.runner.ActiveTransaction -->
    </test> <!-- Runner 9 -->
    <test name="Runner 12" duration-ms="265885" started-at="2024-03-12T07:54:04Z" finished-at="2024-03-12T07:58:30Z">
      <class name="com.zensar.runner.ActiveTransactionScopeBuilder">
        <test-method status="PASS" signature="setUpClass(java.lang.String)[pri:0, instance:com.zensar.runner.ActiveTransactionScopeBuilder@4eb7f003]" name="setUpClass" is-config="true" duration-ms="5" started-at="2024-03-12T07:54:04Z" finished-at="2024-03-12T07:54:04Z">
          <params>
            <param index="0">
              <value>
                <![CDATA[not @42]]>
              </value>
            </param>
          </params>
          <reporter-output>
          </reporter-output>
        </test-method> <!-- setUpClass -->
        <test-method status="PASS" signature="feature(com.zensar.scriptutils.PickleWrapper)[pri:0, instance:com.zensar.runner.ActiveTransactionScopeBuilder@4eb7f003]" name="feature" duration-ms="61394" started-at="2024-03-12T07:54:04Z" description="Cucmber Scenarios" data-provider="scenarios" finished-at="2024-03-12T07:55:05Z">
          <params>
            <param index="0">
              <value>
                <![CDATA[com.zensar.scriptutils.PickleWrapper@5737ef9c]]>
              </value>
            </param>
          </params>
          <reporter-output>
          </reporter-output>
        </test-method> <!-- feature -->
        <test-method status="PASS" signature="feature(com.zensar.scriptutils.PickleWrapper)[pri:0, instance:com.zensar.runner.ActiveTransactionScopeBuilder@4eb7f003]" name="feature" duration-ms="63105" started-at="2024-03-12T07:55:05Z" description="Cucmber Scenarios" data-provider="scenarios" finished-at="2024-03-12T07:56:09Z">
          <params>
            <param index="0">
              <value>
                <![CDATA[com.zensar.scriptutils.PickleWrapper@6ba7cd34]]>
              </value>
            </param>
          </params>
          <reporter-output>
          </reporter-output>
        </test-method> <!-- feature -->
        <test-method status="PASS" signature="feature(com.zensar.scriptutils.PickleWrapper)[pri:0, instance:com.zensar.runner.ActiveTransactionScopeBuilder@4eb7f003]" name="feature" duration-ms="71180" started-at="2024-03-12T07:56:09Z" description="Cucmber Scenarios" data-provider="scenarios" finished-at="2024-03-12T07:57:20Z">
          <params>
            <param index="0">
              <value>
                <![CDATA[com.zensar.scriptutils.PickleWrapper@e59f000]]>
              </value>
            </param>
          </params>
          <reporter-output>
          </reporter-output>
        </test-method> <!-- feature -->
        <test-method status="PASS" signature="feature(com.zensar.scriptutils.PickleWrapper)[pri:0, instance:com.zensar.runner.ActiveTransactionScopeBuilder@4eb7f003]" name="feature" duration-ms="70000" started-at="2024-03-12T07:57:20Z" description="Cucmber Scenarios" data-provider="scenarios" finished-at="2024-03-12T07:58:30Z">
          <params>
            <param index="0">
              <value>
                <![CDATA[com.zensar.scriptutils.PickleWrapper@674cd90b]]>
              </value>
            </param>
          </params>
          <reporter-output>
          </reporter-output>
        </test-method> <!-- feature -->
        <test-method status="PASS" signature="tearDownClass()[pri:0, instance:com.zensar.runner.ActiveTransactionScopeBuilder@4eb7f003]" name="tearDownClass" is-config="true" duration-ms="182" started-at="2024-03-12T07:58:30Z" finished-at="2024-03-12T07:58:30Z">
          <reporter-output>
          </reporter-output>
        </test-method> <!-- tearDownClass -->
        <test-method status="PASS" signature="teardown()[pri:0, instance:com.zensar.runner.ActiveTransactionScopeBuilder@4eb7f003]" name="teardown" is-config="true" duration-ms="0" started-at="2024-03-12T07:58:30Z" finished-at="2024-03-12T07:58:30Z">
          <reporter-output>
          </reporter-output>
        </test-method> <!-- teardown -->
      </class> <!-- com.zensar.runner.ActiveTransactionScopeBuilder -->
    </test> <!-- Runner 12 -->
    <test name="Runner 14" duration-ms="24" started-at="2024-03-12T07:58:30Z" finished-at="2024-03-12T07:58:30Z">
      <class name="com.zensar.runner.Sanity">
        <test-method status="PASS" signature="setUpClass(java.lang.String)[pri:0, instance:com.zensar.runner.Sanity@4a87761d]" name="setUpClass" is-config="true" duration-ms="9" started-at="2024-03-12T07:58:30Z" finished-at="2024-03-12T07:58:30Z">
          <params>
            <param index="0">
              <value>
                <![CDATA[not @42]]>
              </value>
            </param>
          </params>
          <reporter-output>
          </reporter-output>
        </test-method> <!-- setUpClass -->
        <test-method status="PASS" signature="tearDownClass()[pri:0, instance:com.zensar.runner.Sanity@4a87761d]" name="tearDownClass" is-config="true" duration-ms="6" started-at="2024-03-12T07:58:30Z" finished-at="2024-03-12T07:58:30Z">
          <reporter-output>
          </reporter-output>
        </test-method> <!-- tearDownClass -->
        <test-method status="PASS" signature="teardown()[pri:0, instance:com.zensar.runner.Sanity@4a87761d]" name="teardown" is-config="true" duration-ms="0" started-at="2024-03-12T07:58:30Z" finished-at="2024-03-12T07:58:30Z">
          <reporter-output>
          </reporter-output>
        </test-method> <!-- teardown -->
      </class> <!-- com.zensar.runner.Sanity -->
    </test> <!-- Runner 14 -->
    <test name="Runner 15" duration-ms="24" started-at="2024-03-12T07:58:30Z" finished-at="2024-03-12T07:58:30Z">
      <class name="com.zensar.runner.Regression">
        <test-method status="PASS" signature="setUpClass(java.lang.String)[pri:0, instance:com.zensar.runner.Regression@b7dd107]" name="setUpClass" is-config="true" duration-ms="7" started-at="2024-03-12T07:58:30Z" finished-at="2024-03-12T07:58:30Z">
          <params>
            <param index="0">
              <value>
                <![CDATA[not @42]]>
              </value>
            </param>
          </params>
          <reporter-output>
          </reporter-output>
        </test-method> <!-- setUpClass -->
        <test-method status="PASS" signature="tearDownClass()[pri:0, instance:com.zensar.runner.Regression@b7dd107]" name="tearDownClass" is-config="true" duration-ms="2" started-at="2024-03-12T07:58:30Z" finished-at="2024-03-12T07:58:30Z">
          <reporter-output>
          </reporter-output>
        </test-method> <!-- tearDownClass -->
        <test-method status="PASS" signature="teardown()[pri:0, instance:com.zensar.runner.Regression@b7dd107]" name="teardown" is-config="true" duration-ms="0" started-at="2024-03-12T07:58:30Z" finished-at="2024-03-12T07:58:30Z">
          <reporter-output>
          </reporter-output>
        </test-method> <!-- teardown -->
      </class> <!-- com.zensar.runner.Regression -->
    </test> <!-- Runner 15 -->
    <test name="Runner 13" duration-ms="96890" started-at="2024-03-12T07:57:51Z" finished-at="2024-03-12T07:59:28Z">
      <class name="com.zensar.runner.CloseTransaction">
        <test-method status="PASS" signature="setUpClass(java.lang.String)[pri:0, instance:com.zensar.runner.CloseTransaction@1b26f7b2]" name="setUpClass" is-config="true" duration-ms="6" started-at="2024-03-12T07:57:51Z" finished-at="2024-03-12T07:57:51Z">
          <params>
            <param index="0">
              <value>
                <![CDATA[not @42]]>
              </value>
            </param>
          </params>
          <reporter-output>
          </reporter-output>
        </test-method> <!-- setUpClass -->
        <test-method status="PASS" signature="feature(com.zensar.scriptutils.PickleWrapper)[pri:0, instance:com.zensar.runner.CloseTransaction@1b26f7b2]" name="feature" duration-ms="96781" started-at="2024-03-12T07:57:51Z" description="Cucmber Scenarios" data-provider="scenarios" finished-at="2024-03-12T07:59:28Z">
          <params>
            <param index="0">
              <value>
                <![CDATA[com.zensar.scriptutils.PickleWrapper@5de2b6bd]]>
              </value>
            </param>
          </params>
          <reporter-output>
          </reporter-output>
        </test-method> <!-- feature -->
        <test-method status="PASS" signature="tearDownClass()[pri:0, instance:com.zensar.runner.CloseTransaction@1b26f7b2]" name="tearDownClass" is-config="true" duration-ms="82" started-at="2024-03-12T07:59:28Z" finished-at="2024-03-12T07:59:28Z">
          <reporter-output>
          </reporter-output>
        </test-method> <!-- tearDownClass -->
        <test-method status="PASS" signature="teardown()[pri:0, instance:com.zensar.runner.CloseTransaction@1b26f7b2]" name="teardown" is-config="true" duration-ms="1" started-at="2024-03-12T07:59:28Z" finished-at="2024-03-12T07:59:28Z">
          <reporter-output>
          </reporter-output>
        </test-method> <!-- teardown -->
      </class> <!-- com.zensar.runner.CloseTransaction -->
    </test> <!-- Runner 13 -->
    <test name="Runner 11" duration-ms="469875" started-at="2024-03-12T07:52:21Z" finished-at="2024-03-12T08:00:11Z">
      <class name="com.zensar.runner.ActiveTransactionProviderList">
        <test-method status="PASS" signature="setUpClass(java.lang.String)[pri:0, instance:com.zensar.runner.ActiveTransactionProviderList@63440df3]" name="setUpClass" is-config="true" duration-ms="9" started-at="2024-03-12T07:52:21Z" finished-at="2024-03-12T07:52:21Z">
          <params>
            <param index="0">
              <value>
                <![CDATA[not @42]]>
              </value>
            </param>
          </params>
          <reporter-output>
          </reporter-output>
        </test-method> <!-- setUpClass -->
        <test-method status="PASS" signature="feature(com.zensar.scriptutils.PickleWrapper)[pri:0, instance:com.zensar.runner.ActiveTransactionProviderList@63440df3]" name="feature" duration-ms="49771" started-at="2024-03-12T07:52:21Z" description="Cucmber Scenarios" data-provider="scenarios" finished-at="2024-03-12T07:53:11Z">
          <params>
            <param index="0">
              <value>
                <![CDATA[com.zensar.scriptutils.PickleWrapper@470a2a9c]]>
              </value>
            </param>
          </params>
          <reporter-output>
          </reporter-output>
        </test-method> <!-- feature -->
        <test-method status="PASS" signature="feature(com.zensar.scriptutils.PickleWrapper)[pri:0, instance:com.zensar.runner.ActiveTransactionProviderList@63440df3]" name="feature" duration-ms="119599" started-at="2024-03-12T07:53:11Z" description="Cucmber Scenarios" data-provider="scenarios" finished-at="2024-03-12T07:55:10Z">
          <params>
            <param index="0">
              <value>
                <![CDATA[com.zensar.scriptutils.PickleWrapper@1bd178b7]]>
              </value>
            </param>
          </params>
          <reporter-output>
          </reporter-output>
        </test-method> <!-- feature -->
        <test-method status="PASS" signature="feature(com.zensar.scriptutils.PickleWrapper)[pri:0, instance:com.zensar.runner.ActiveTransactionProviderList@63440df3]" name="feature" duration-ms="55176" started-at="2024-03-12T07:55:10Z" description="Cucmber Scenarios" data-provider="scenarios" finished-at="2024-03-12T07:56:06Z">
          <params>
            <param index="0">
              <value>
                <![CDATA[com.zensar.scriptutils.PickleWrapper@13183670]]>
              </value>
            </param>
          </params>
          <reporter-output>
          </reporter-output>
        </test-method> <!-- feature -->
        <test-method status="PASS" signature="feature(com.zensar.scriptutils.PickleWrapper)[pri:0, instance:com.zensar.runner.ActiveTransactionProviderList@63440df3]" name="feature" duration-ms="66831" started-at="2024-03-12T07:56:06Z" description="Cucmber Scenarios" data-provider="scenarios" finished-at="2024-03-12T07:57:12Z">
          <params>
            <param index="0">
              <value>
                <![CDATA[com.zensar.scriptutils.PickleWrapper@76d83fec]]>
              </value>
            </param>
          </params>
          <reporter-output>
          </reporter-output>
        </test-method> <!-- feature -->
        <test-method status="PASS" signature="feature(com.zensar.scriptutils.PickleWrapper)[pri:0, instance:com.zensar.runner.ActiveTransactionProviderList@63440df3]" name="feature" duration-ms="55693" started-at="2024-03-12T07:57:12Z" description="Cucmber Scenarios" data-provider="scenarios" finished-at="2024-03-12T07:58:08Z">
          <params>
            <param index="0">
              <value>
                <![CDATA[com.zensar.scriptutils.PickleWrapper@5fab3914]]>
              </value>
            </param>
          </params>
          <reporter-output>
          </reporter-output>
        </test-method> <!-- feature -->
        <test-method status="PASS" signature="feature(com.zensar.scriptutils.PickleWrapper)[pri:0, instance:com.zensar.runner.ActiveTransactionProviderList@63440df3]" name="feature" duration-ms="122457" started-at="2024-03-12T07:58:08Z" description="Cucmber Scenarios" data-provider="scenarios" finished-at="2024-03-12T08:00:11Z">
          <params>
            <param index="0">
              <value>
                <![CDATA[com.zensar.scriptutils.PickleWrapper@2c5d6b47]]>
              </value>
            </param>
          </params>
          <reporter-output>
          </reporter-output>
        </test-method> <!-- feature -->
        <test-method status="PASS" signature="tearDownClass()[pri:0, instance:com.zensar.runner.ActiveTransactionProviderList@63440df3]" name="tearDownClass" is-config="true" duration-ms="320" started-at="2024-03-12T08:00:11Z" finished-at="2024-03-12T08:00:11Z">
          <reporter-output>
          </reporter-output>
        </test-method> <!-- tearDownClass -->
        <test-method status="PASS" signature="teardown()[pri:0, instance:com.zensar.runner.ActiveTransactionProviderList@63440df3]" name="teardown" is-config="true" duration-ms="0" started-at="2024-03-12T08:00:11Z" finished-at="2024-03-12T08:00:11Z">
          <reporter-output>
          </reporter-output>
        </test-method> <!-- teardown -->
      </class> <!-- com.zensar.runner.ActiveTransactionProviderList -->
    </test> <!-- Runner 11 -->
    <test name="Runner 16" duration-ms="1143454" started-at="2024-03-12T07:58:30Z" finished-at="2024-03-12T08:17:33Z">
      <class name="com.zensar.runner.ProjectContact">
        <test-method status="PASS" signature="setUpClass(java.lang.String)[pri:0, instance:com.zensar.runner.ProjectContact@43bd930a]" name="setUpClass" is-config="true" duration-ms="8" started-at="2024-03-12T07:58:30Z" finished-at="2024-03-12T07:58:30Z">
          <params>
            <param index="0">
              <value>
                <![CDATA[not @42]]>
              </value>
            </param>
          </params>
          <reporter-output>
          </reporter-output>
        </test-method> <!-- setUpClass -->
        <test-method status="PASS" signature="feature(com.zensar.scriptutils.PickleWrapper)[pri:0, instance:com.zensar.runner.ProjectContact@43bd930a]" name="feature" duration-ms="101409" started-at="2024-03-12T07:58:30Z" description="Cucmber Scenarios" data-provider="scenarios" finished-at="2024-03-12T08:00:11Z">
          <params>
            <param index="0">
              <value>
                <![CDATA[com.zensar.scriptutils.PickleWrapper@74983ec5]]>
              </value>
            </param>
          </params>
          <reporter-output>
          </reporter-output>
        </test-method> <!-- feature -->
        <test-method status="PASS" signature="feature(com.zensar.scriptutils.PickleWrapper)[pri:0, instance:com.zensar.runner.ProjectContact@43bd930a]" name="feature" duration-ms="78168" started-at="2024-03-12T08:00:11Z" description="Cucmber Scenarios" data-provider="scenarios" finished-at="2024-03-12T08:01:30Z">
          <params>
            <param index="0">
              <value>
                <![CDATA[com.zensar.scriptutils.PickleWrapper@169eef55]]>
              </value>
            </param>
          </params>
          <reporter-output>
          </reporter-output>
        </test-method> <!-- feature -->
        <test-method status="PASS" signature="feature(com.zensar.scriptutils.PickleWrapper)[pri:0, instance:com.zensar.runner.ProjectContact@43bd930a]" name="feature" duration-ms="99499" started-at="2024-03-12T08:01:30Z" description="Cucmber Scenarios" data-provider="scenarios" finished-at="2024-03-12T08:03:09Z">
          <params>
            <param index="0">
              <value>
                <![CDATA[com.zensar.scriptutils.PickleWrapper@51dbd110]]>
              </value>
            </param>
          </params>
          <reporter-output>
          </reporter-output>
        </test-method> <!-- feature -->
        <test-method status="PASS" signature="feature(com.zensar.scriptutils.PickleWrapper)[pri:0, instance:com.zensar.runner.ProjectContact@43bd930a]" name="feature" duration-ms="92011" started-at="2024-03-12T08:03:09Z" description="Cucmber Scenarios" data-provider="scenarios" finished-at="2024-03-12T08:04:41Z">
          <params>
            <param index="0">
              <value>
                <![CDATA[com.zensar.scriptutils.PickleWrapper@20b1d719]]>
              </value>
            </param>
          </params>
          <reporter-output>
          </reporter-output>
        </test-method> <!-- feature -->
        <test-method status="PASS" signature="feature(com.zensar.scriptutils.PickleWrapper)[pri:0, instance:com.zensar.runner.ProjectContact@43bd930a]" name="feature" duration-ms="83069" started-at="2024-03-12T08:04:41Z" description="Cucmber Scenarios" data-provider="scenarios" finished-at="2024-03-12T08:06:04Z">
          <params>
            <param index="0">
              <value>
                <![CDATA[com.zensar.scriptutils.PickleWrapper@8786b77]]>
              </value>
            </param>
          </params>
          <reporter-output>
          </reporter-output>
        </test-method> <!-- feature -->
        <test-method status="PASS" signature="feature(com.zensar.scriptutils.PickleWrapper)[pri:0, instance:com.zensar.runner.ProjectContact@43bd930a]" name="feature" duration-ms="62423" started-at="2024-03-12T08:06:04Z" description="Cucmber Scenarios" data-provider="scenarios" finished-at="2024-03-12T08:07:07Z">
          <params>
            <param index="0">
              <value>
                <![CDATA[com.zensar.scriptutils.PickleWrapper@338965f6]]>
              </value>
            </param>
          </params>
          <reporter-output>
          </reporter-output>
        </test-method> <!-- feature -->
        <test-method status="PASS" signature="feature(com.zensar.scriptutils.PickleWrapper)[pri:0, instance:com.zensar.runner.ProjectContact@43bd930a]" name="feature" duration-ms="75053" started-at="2024-03-12T08:07:07Z" description="Cucmber Scenarios" data-provider="scenarios" finished-at="2024-03-12T08:08:22Z">
          <params>
            <param index="0">
              <value>
                <![CDATA[com.zensar.scriptutils.PickleWrapper@47fd1d4d]]>
              </value>
            </param>
          </params>
          <reporter-output>
          </reporter-output>
        </test-method> <!-- feature -->
        <test-method status="PASS" signature="feature(com.zensar.scriptutils.PickleWrapper)[pri:0, instance:com.zensar.runner.ProjectContact@43bd930a]" name="feature" duration-ms="120447" started-at="2024-03-12T08:08:22Z" description="Cucmber Scenarios" data-provider="scenarios" finished-at="2024-03-12T08:10:22Z">
          <params>
            <param index="0">
              <value>
                <![CDATA[com.zensar.scriptutils.PickleWrapper@410158d1]]>
              </value>
            </param>
          </params>
          <reporter-output>
          </reporter-output>
        </test-method> <!-- feature -->
        <test-method status="PASS" signature="feature(com.zensar.scriptutils.PickleWrapper)[pri:0, instance:com.zensar.runner.ProjectContact@43bd930a]" name="feature" duration-ms="62750" started-at="2024-03-12T08:10:22Z" description="Cucmber Scenarios" data-provider="scenarios" finished-at="2024-03-12T08:11:25Z">
          <params>
            <param index="0">
              <value>
                <![CDATA[com.zensar.scriptutils.PickleWrapper@7b2e1eb5]]>
              </value>
            </param>
          </params>
          <reporter-output>
          </reporter-output>
        </test-method> <!-- feature -->
        <test-method status="PASS" signature="feature(com.zensar.scriptutils.PickleWrapper)[pri:0, instance:com.zensar.runner.ProjectContact@43bd930a]" name="feature" duration-ms="140061" started-at="2024-03-12T08:11:25Z" description="Cucmber Scenarios" data-provider="scenarios" finished-at="2024-03-12T08:13:45Z">
          <params>
            <param index="0">
              <value>
                <![CDATA[com.zensar.scriptutils.PickleWrapper@3e1c10ae]]>
              </value>
            </param>
          </params>
          <reporter-output>
          </reporter-output>
        </test-method> <!-- feature -->
        <test-method status="PASS" signature="feature(com.zensar.scriptutils.PickleWrapper)[pri:0, instance:com.zensar.runner.ProjectContact@43bd930a]" name="feature" duration-ms="144463" started-at="2024-03-12T08:13:45Z" description="Cucmber Scenarios" data-provider="scenarios" finished-at="2024-03-12T08:16:09Z">
          <params>
            <param index="0">
              <value>
                <![CDATA[com.zensar.scriptutils.PickleWrapper@4722771b]]>
              </value>
            </param>
          </params>
          <reporter-output>
          </reporter-output>
        </test-method> <!-- feature -->
        <test-method status="PASS" signature="feature(com.zensar.scriptutils.PickleWrapper)[pri:0, instance:com.zensar.runner.ProjectContact@43bd930a]" name="feature" duration-ms="83333" started-at="2024-03-12T08:16:09Z" description="Cucmber Scenarios" data-provider="scenarios" finished-at="2024-03-12T08:17:33Z">
          <params>
            <param index="0">
              <value>
                <![CDATA[com.zensar.scriptutils.PickleWrapper@6525e6db]]>
              </value>
            </param>
          </params>
          <reporter-output>
          </reporter-output>
        </test-method> <!-- feature -->
        <test-method status="PASS" signature="tearDownClass()[pri:0, instance:com.zensar.runner.ProjectContact@43bd930a]" name="tearDownClass" is-config="true" duration-ms="737" started-at="2024-03-12T08:17:33Z" finished-at="2024-03-12T08:17:33Z">
          <reporter-output>
          </reporter-output>
        </test-method> <!-- tearDownClass -->
        <test-method status="PASS" signature="teardown()[pri:0, instance:com.zensar.runner.ProjectContact@43bd930a]" name="teardown" is-config="true" duration-ms="0" started-at="2024-03-12T08:17:33Z" finished-at="2024-03-12T08:17:33Z">
          <reporter-output>
          </reporter-output>
        </test-method> <!-- teardown -->
      </class> <!-- com.zensar.runner.ProjectContact -->
    </test> <!-- Runner 16 -->
  </suite> <!-- Run1 -->
  <suite name="Conclusion Suite" duration-ms="2658" started-at="2024-03-12T08:17:34Z" finished-at="2024-03-12T08:17:36Z">
    <groups>
    </groups>
    <test name="Conclude 1" duration-ms="2658" started-at="2024-03-12T08:17:34Z" finished-at="2024-03-12T08:17:36Z">
      <class name="com.zensar.runner.ConcludeExecution">
        <test-method status="PASS" signature="stub()[pri:0, instance:com.zensar.runner.ConcludeExecution@8e24743]" name="stub" duration-ms="0" started-at="2024-03-12T08:17:34Z" finished-at="2024-03-12T08:17:34Z">
          <reporter-output>
          </reporter-output>
        </test-method> <!-- stub -->
        <test-method status="PASS" signature="endExecution()[pri:0, instance:com.zensar.runner.ConcludeExecution@8e24743]" name="endExecution" is-config="true" duration-ms="2657" started-at="2024-03-12T08:17:34Z" finished-at="2024-03-12T08:17:36Z">
          <reporter-output>
          </reporter-output>
        </test-method> <!-- endExecution -->
      </class> <!-- com.zensar.runner.ConcludeExecution -->
    </test> <!-- Conclude 1 -->
  </suite> <!-- Conclusion Suite -->
  <suite name="Intialization Suite" duration-ms="32" started-at="2024-03-12T07:47:47Z" finished-at="2024-03-12T07:47:48Z">
    <groups>
    </groups>
    <test name="Init 1" duration-ms="32" started-at="2024-03-12T07:47:47Z" finished-at="2024-03-12T07:47:48Z">
      <class name="com.zensar.runner.InitializeExecution">
        <test-method status="PASS" signature="initializeExecutionModel()[pri:0, instance:com.zensar.runner.InitializeExecution@1d29cf23]" name="initializeExecutionModel" is-config="true" duration-ms="13" started-at="2024-03-12T07:47:47Z" finished-at="2024-03-12T07:47:47Z">
          <reporter-output>
          </reporter-output>
        </test-method> <!-- initializeExecutionModel -->
        <test-method status="PASS" signature="stub()[pri:0, instance:com.zensar.runner.InitializeExecution@1d29cf23]" name="stub" duration-ms="2" started-at="2024-03-12T07:47:47Z" finished-at="2024-03-12T07:47:48Z">
          <reporter-output>
          </reporter-output>
        </test-method> <!-- stub -->
      </class> <!-- com.zensar.runner.InitializeExecution -->
    </test> <!-- Init 1 -->
  </suite> <!-- Intialization Suite -->
</testng-results>
