<?xml version="1.0" encoding="UTF-8"?>
<!-- Generated by org.testng.reporters.JUnitXMLReporter -->
<testsuite hostname="EUROW42SLPC5721" ignored="0" name="Runner 12" tests="4" failures="0" timestamp="12 Mar 2024 07:58:30 GMT" time="265.885" errors="0">
  <testcase name="feature" time="61.394" classname="com.zensar.runner.ActiveTransactionScopeBuilder"/>
  <testcase name="feature" time="63.105" classname="com.zensar.runner.ActiveTransactionScopeBuilder"/>
  <testcase name="feature" time="71.18" classname="com.zensar.runner.ActiveTransactionScopeBuilder"/>
  <testcase name="feature" time="70.0" classname="com.zensar.runner.ActiveTransactionScopeBuilder"/>
</testsuite> <!-- Runner 12 -->
