<?xml version="1.0" encoding="UTF-8"?>
<!-- Generated by org.testng.reporters.JUnitXMLReporter -->
<testsuite hostname="EUROW42SLPC5721" ignored="0" name="Runner 9" tests="5" failures="0" timestamp="12 Mar 2024 07:57:51 GMT" time="602.49" errors="0">
  <testcase name="feature" time="78.214" classname="com.zensar.runner.ActiveTransaction"/>
  <testcase name="feature" time="93.95" classname="com.zensar.runner.ActiveTransaction"/>
  <testcase name="feature" time="180.7" classname="com.zensar.runner.ActiveTransaction"/>
  <testcase name="feature" time="130.828" classname="com.zensar.runner.ActiveTransaction"/>
  <testcase name="feature" time="118.497" classname="com.zensar.runner.ActiveTransaction"/>
</testsuite> <!-- Runner 9 -->
