<?xml version="1.0" encoding="UTF-8"?>
<!-- Generated by org.testng.reporters.JUnitXMLReporter -->
<testsuite hostname="EUROW42SLPC5721" ignored="0" name="Runner 10" tests="4" failures="0" timestamp="12 Mar 2024 07:52:21 GMT" time="271.937" errors="0">
  <testcase name="feature" time="71.959" classname="com.zensar.runner.ActiveTransactionProjectContact"/>
  <testcase name="feature" time="67.871" classname="com.zensar.runner.ActiveTransactionProjectContact"/>
  <testcase name="feature" time="66.907" classname="com.zensar.runner.ActiveTransactionProjectContact"/>
  <testcase name="feature" time="64.851" classname="com.zensar.runner.ActiveTransactionProjectContact"/>
</testsuite> <!-- Runner 10 -->
