<?xml version="1.0" encoding="UTF-8"?>
<!-- Generated by org.testng.reporters.JUnitXMLReporter -->
<testsuite hostname="EUROW42SLPC5721" ignored="0" name="Runner 11" tests="6" failures="0" timestamp="12 Mar 2024 08:00:11 GMT" time="469.875" errors="0">
  <testcase name="feature" time="49.771" classname="com.zensar.runner.ActiveTransactionProviderList"/>
  <testcase name="feature" time="119.599" classname="com.zensar.runner.ActiveTransactionProviderList"/>
  <testcase name="feature" time="55.176" classname="com.zensar.runner.ActiveTransactionProviderList"/>
  <testcase name="feature" time="66.831" classname="com.zensar.runner.ActiveTransactionProviderList"/>
  <testcase name="feature" time="55.693" classname="com.zensar.runner.ActiveTransactionProviderList"/>
  <testcase name="feature" time="122.457" classname="com.zensar.runner.ActiveTransactionProviderList"/>
</testsuite> <!-- Runner 11 -->
